<?xml version="1.0" encoding="UTF-8"?>
<robot generator="Robot 6.0 (Python 3.10.8 on linux)" generated="20221102 22:14:20.020" rpa="false" schemaversion="3">
<suite id="s1" name="Complete Purchase Test" source="/home/vinni/automation_tests_practice/complete_purchase_test">
<suite id="s1-s1" name="Complete Purchase" source="/home/vinni/automation_tests_practice/complete_purchase_test/complete_purchase.robot">
<test id="s1-s1-t1" name="Test Case 01: Product Search" line="18">
<kw name="Open Browser" library="SeleniumLibrary" type="SETUP">
<arg>${URL}</arg>
<arg>${BROWSER}</arg>
<doc>Opens a new browser instance to the optional ``url``.</doc>
<msg timestamp="20221102 22:14:20.349" level="INFO">Opening browser 'firefox' to base url 'http://automationpractice.com/index.php'.</msg>
<msg timestamp="20221102 22:14:20.350" level="INFO">Firefox driver log is always forced to to: /home/vinni/automation_tests_practice/reports/geckodriver-1.log</msg>
<status status="PASS" starttime="20221102 22:14:20.348" endtime="20221102 22:14:28.850"/>
</kw>
<kw name="Log To Console" library="BuiltIn">
<arg>tags: Search, All</arg>
<doc>Logs the given message to the console.</doc>
<status status="PASS" starttime="20221102 22:14:28.850" endtime="20221102 22:14:28.851"/>
</kw>
<kw name="Given that I search for the product" library="keywords">
<kw name="Input Text" library="SeleniumLibrary">
<arg>${SEARCH_BOX}</arg>
<arg>${PRODUCT}</arg>
<doc>Types the given ``text`` into the text field identified by ``locator``.</doc>
<msg timestamp="20221102 22:14:28.853" level="INFO">Typing text 'Dress' into text field 'id=search_query_top'.</msg>
<status status="PASS" starttime="20221102 22:14:28.852" endtime="20221102 22:14:28.937"/>
</kw>
<status status="PASS" starttime="20221102 22:14:28.851" endtime="20221102 22:14:28.938"/>
</kw>
<kw name="When I click on the search button" library="keywords">
<kw name="Click Button" library="SeleniumLibrary">
<arg>${SEARCH_BUTTON}</arg>
<doc>Clicks the button identified by ``locator``.</doc>
<msg timestamp="20221102 22:14:28.942" level="INFO">Clicking button 'name=submit_search'.</msg>
<status status="PASS" starttime="20221102 22:14:28.940" endtime="20221102 22:14:30.795"/>
</kw>
<status status="PASS" starttime="20221102 22:14:28.938" endtime="20221102 22:14:30.795"/>
</kw>
<kw name="Then I should see the product showcase" library="keywords">
<kw name="Wait Until Element Is Visible" library="SeleniumLibrary">
<arg>${SHOWCASE}</arg>
<arg>${TIMEOUT}</arg>
<doc>Waits until the element ``locator`` is visible.</doc>
<status status="PASS" starttime="20221102 22:14:30.797" endtime="20221102 22:14:30.872"/>
</kw>
<kw name="Scroll Element Into View" library="SeleniumLibrary">
<arg>${SHOWCASE}</arg>
<doc>Scrolls the element identified by ``locator`` into view.</doc>
<status status="PASS" starttime="20221102 22:14:30.873" endtime="20221102 22:14:31.183"/>
</kw>
<kw name="Sleep" library="BuiltIn">
<arg>1s</arg>
<doc>Pauses the test executed for the given time.</doc>
<msg timestamp="20221102 22:14:32.184" level="INFO">Slept 1 second</msg>
<status status="PASS" starttime="20221102 22:14:31.183" endtime="20221102 22:14:32.184"/>
</kw>
<status status="PASS" starttime="20221102 22:14:30.796" endtime="20221102 22:14:32.185"/>
</kw>
<kw name="Close Browser" library="SeleniumLibrary" type="TEARDOWN">
<doc>Closes the current browser.</doc>
<status status="PASS" starttime="20221102 22:14:32.185" endtime="20221102 22:14:33.158"/>
</kw>
<tag>All</tag>
<tag>Search</tag>
<status status="PASS" starttime="20221102 22:14:20.347" endtime="20221102 22:14:33.158"/>
</test>
<test id="s1-s1-t2" name="Test Case 02: Product Showcase" line="25">
<kw name="Open Browser" library="SeleniumLibrary" type="SETUP">
<arg>${URL}</arg>
<arg>${BROWSER}</arg>
<doc>Opens a new browser instance to the optional ``url``.</doc>
<msg timestamp="20221102 22:14:33.161" level="INFO">Opening browser 'firefox' to base url 'http://automationpractice.com/index.php'.</msg>
<msg timestamp="20221102 22:14:33.161" level="INFO">Firefox driver log is always forced to to: /home/vinni/automation_tests_practice/reports/geckodriver-2.log</msg>
<status status="PASS" starttime="20221102 22:14:33.160" endtime="20221102 22:14:42.233"/>
</kw>
<kw name="Log To Console" library="BuiltIn">
<arg>tags: Showcase, All</arg>
<doc>Logs the given message to the console.</doc>
<status status="PASS" starttime="20221102 22:14:42.234" endtime="20221102 22:14:42.234"/>
</kw>
<kw name="Given that the product is available" library="keywords">
<kw name="Input Text" library="SeleniumLibrary">
<arg>${SEARCH_BOX}</arg>
<arg>${PRODUCT}</arg>
<doc>Types the given ``text`` into the text field identified by ``locator``.</doc>
<msg timestamp="20221102 22:14:42.238" level="INFO">Typing text 'Dress' into text field 'id=search_query_top'.</msg>
<status status="PASS" starttime="20221102 22:14:42.236" endtime="20221102 22:14:42.322"/>
</kw>
<kw name="Click Button" library="SeleniumLibrary">
<arg>${SEARCH_BUTTON}</arg>
<doc>Clicks the button identified by ``locator``.</doc>
<msg timestamp="20221102 22:14:42.323" level="INFO">Clicking button 'name=submit_search'.</msg>
<status status="PASS" starttime="20221102 22:14:42.322" endtime="20221102 22:14:44.424"/>
</kw>
<kw name="Wait Until Element Is Visible" library="SeleniumLibrary">
<arg>${SHOWCASE}</arg>
<arg>${TIMEOUT}</arg>
<doc>Waits until the element ``locator`` is visible.</doc>
<status status="PASS" starttime="20221102 22:14:44.424" endtime="20221102 22:14:44.491"/>
</kw>
<kw name="Scroll Element Into View" library="SeleniumLibrary">
<arg>${SHOWCASE}</arg>
<doc>Scrolls the element identified by ``locator`` into view.</doc>
<status status="PASS" starttime="20221102 22:14:44.492" endtime="20221102 22:14:44.814"/>
</kw>
<status status="PASS" starttime="20221102 22:14:42.235" endtime="20221102 22:14:44.814"/>
</kw>
<kw name="When I hover over the product" library="keywords">
<kw name="Mouse Over" library="SeleniumLibrary">
<arg>${PRODUCT_NAME}</arg>
<doc>Simulates hovering the mouse over the element ``locator``.</doc>
<msg timestamp="20221102 22:14:44.820" level="INFO">Simulating Mouse Over on element 'xpath=//a[@title='Printed Dress']'.</msg>
<status status="PASS" starttime="20221102 22:14:44.817" endtime="20221102 22:14:45.106"/>
</kw>
<status status="PASS" starttime="20221102 22:14:44.815" endtime="20221102 22:14:45.106"/>
</kw>
<kw name="Then the add to cart button should be visible" library="keywords">
<kw name="Wait Until Element Is Visible" library="SeleniumLibrary">
<arg>${ADD_TO_CART}</arg>
<arg>${TIMEOUT}</arg>
<doc>Waits until the element ``locator`` is visible.</doc>
<status status="PASS" starttime="20221102 22:14:45.107" endtime="20221102 22:14:45.137"/>
</kw>
<status status="PASS" starttime="20221102 22:14:45.107" endtime="20221102 22:14:45.137"/>
</kw>
<kw name="Close Browser" library="SeleniumLibrary" type="TEARDOWN">
<doc>Closes the current browser.</doc>
<status status="PASS" starttime="20221102 22:14:45.138" endtime="20221102 22:14:46.091"/>
</kw>
<tag>All</tag>
<tag>Showcase</tag>
<status status="PASS" starttime="20221102 22:14:33.159" endtime="20221102 22:14:46.091"/>
</test>
<test id="s1-s1-t3" name="Test Case 03: Add to Cart" line="32">
<kw name="Open Browser" library="SeleniumLibrary" type="SETUP">
<arg>${URL}</arg>
<arg>${BROWSER}</arg>
<doc>Opens a new browser instance to the optional ``url``.</doc>
<msg timestamp="20221102 22:14:46.093" level="INFO">Opening browser 'firefox' to base url 'http://automationpractice.com/index.php'.</msg>
<msg timestamp="20221102 22:14:46.094" level="INFO">Firefox driver log is always forced to to: /home/vinni/automation_tests_practice/reports/geckodriver-3.log</msg>
<status status="PASS" starttime="20221102 22:14:46.093" endtime="20221102 22:14:54.922"/>
</kw>
<kw name="Log To Console" library="BuiltIn">
<arg>tags: Cart, All</arg>
<doc>Logs the given message to the console.</doc>
<status status="PASS" starttime="20221102 22:14:54.923" endtime="20221102 22:14:54.923"/>
</kw>
<kw name="Given that the add to cart button is available" library="keywords">
<kw name="Input Text" library="SeleniumLibrary">
<arg>${SEARCH_BOX}</arg>
<arg>${PRODUCT}</arg>
<doc>Types the given ``text`` into the text field identified by ``locator``.</doc>
<msg timestamp="20221102 22:14:54.925" level="INFO">Typing text 'Dress' into text field 'id=search_query_top'.</msg>
<status status="PASS" starttime="20221102 22:14:54.924" endtime="20221102 22:14:55.009"/>
</kw>
<kw name="Click Button" library="SeleniumLibrary">
<arg>${SEARCH_BUTTON}</arg>
<doc>Clicks the button identified by ``locator``.</doc>
<msg timestamp="20221102 22:14:55.011" level="INFO">Clicking button 'name=submit_search'.</msg>
<status status="PASS" starttime="20221102 22:14:55.010" endtime="20221102 22:14:56.773"/>
</kw>
<kw name="Wait Until Element Is Visible" library="SeleniumLibrary">
<arg>${SHOWCASE}</arg>
<arg>${TIMEOUT}</arg>
<doc>Waits until the element ``locator`` is visible.</doc>
<status status="PASS" starttime="20221102 22:14:56.773" endtime="20221102 22:14:56.830"/>
</kw>
<kw name="Scroll Element Into View" library="SeleniumLibrary">
<arg>${SHOWCASE}</arg>
<doc>Scrolls the element identified by ``locator`` into view.</doc>
<status status="PASS" starttime="20221102 22:14:56.830" endtime="20221102 22:14:57.134"/>
</kw>
<kw name="Mouse Over" library="SeleniumLibrary">
<arg>${PRODUCT_NAME}</arg>
<doc>Simulates hovering the mouse over the element ``locator``.</doc>
<msg timestamp="20221102 22:14:57.135" level="INFO">Simulating Mouse Over on element 'xpath=//a[@title='Printed Dress']'.</msg>
<status status="PASS" starttime="20221102 22:14:57.134" endtime="20221102 22:14:57.411"/>
</kw>
<kw name="Wait Until Element Is Visible" library="SeleniumLibrary">
<arg>${ADD_TO_CART}</arg>
<arg>${TIMEOUT}</arg>
<doc>Waits until the element ``locator`` is visible.</doc>
<status status="PASS" starttime="20221102 22:14:57.412" endtime="20221102 22:14:57.440"/>
</kw>
<status status="PASS" starttime="20221102 22:14:54.924" endtime="20221102 22:14:57.440"/>
</kw>
<kw name="When I click on the add to cart button" library="keywords">
<kw name="Click Element" library="SeleniumLibrary">
<arg>${ADD_TO_CART}</arg>
<doc>Click the element identified by ``locator``.</doc>
<msg timestamp="20221102 22:14:57.443" level="INFO">Clicking element 'xpath=//a[@title='Add to cart' and @data-id-product='4']'.</msg>
<status status="PASS" starttime="20221102 22:14:57.441" endtime="20221102 22:14:57.687"/>
</kw>
<status status="PASS" starttime="20221102 22:14:57.440" endtime="20221102 22:14:57.687"/>
</kw>
<kw name="Then the proceed to checkout button should become visible" library="keywords">
<kw name="Wait Until Element Is Visible" library="SeleniumLibrary">
<arg>${CHECKOUT}</arg>
<arg>${TIMEOUT}</arg>
<doc>Waits until the element ``locator`` is visible.</doc>
<status status="PASS" starttime="20221102 22:14:57.688" endtime="20221102 22:14:58.460"/>
</kw>
<status status="PASS" starttime="20221102 22:14:57.688" endtime="20221102 22:14:58.461"/>
</kw>
<kw name="Close Browser" library="SeleniumLibrary" type="TEARDOWN">
<doc>Closes the current browser.</doc>
<status status="PASS" starttime="20221102 22:14:58.461" endtime="20221102 22:14:59.512"/>
</kw>
<tag>All</tag>
<tag>Cart</tag>
<status status="PASS" starttime="20221102 22:14:46.092" endtime="20221102 22:14:59.513"/>
</test>
<test id="s1-s1-t4" name="Test Case 04: Price Check" line="39">
<kw name="Open Browser" library="SeleniumLibrary" type="SETUP">
<arg>${URL}</arg>
<arg>${BROWSER}</arg>
<doc>Opens a new browser instance to the optional ``url``.</doc>
<msg timestamp="20221102 22:14:59.515" level="INFO">Opening browser 'firefox' to base url 'http://automationpractice.com/index.php'.</msg>
<msg timestamp="20221102 22:14:59.516" level="INFO">Firefox driver log is always forced to to: /home/vinni/automation_tests_practice/reports/geckodriver-4.log</msg>
<status status="PASS" starttime="20221102 22:14:59.514" endtime="20221102 22:15:08.110"/>
</kw>
<kw name="Log To Console" library="BuiltIn">
<arg>tags: Price, All</arg>
<doc>Logs the given message to the console.</doc>
<status status="PASS" starttime="20221102 22:15:08.111" endtime="20221102 22:15:08.111"/>
</kw>
<kw name="Given that the product is added to the cart" library="keywords">
<kw name="Input Text" library="SeleniumLibrary">
<arg>${SEARCH_BOX}</arg>
<arg>${PRODUCT}</arg>
<doc>Types the given ``text`` into the text field identified by ``locator``.</doc>
<msg timestamp="20221102 22:15:08.114" level="INFO">Typing text 'Dress' into text field 'id=search_query_top'.</msg>
<status status="PASS" starttime="20221102 22:15:08.112" endtime="20221102 22:15:08.210"/>
</kw>
<kw name="Click Button" library="SeleniumLibrary">
<arg>${SEARCH_BUTTON}</arg>
<doc>Clicks the button identified by ``locator``.</doc>
<msg timestamp="20221102 22:15:08.212" level="INFO">Clicking button 'name=submit_search'.</msg>
<status status="PASS" starttime="20221102 22:15:08.211" endtime="20221102 22:15:09.825"/>
</kw>
<kw name="Wait Until Element Is Visible" library="SeleniumLibrary">
<arg>${SHOWCASE}</arg>
<arg>${TIMEOUT}</arg>
<doc>Waits until the element ``locator`` is visible.</doc>
<status status="PASS" starttime="20221102 22:15:09.825" endtime="20221102 22:15:09.877"/>
</kw>
<kw name="Scroll Element Into View" library="SeleniumLibrary">
<arg>${SHOWCASE}</arg>
<doc>Scrolls the element identified by ``locator`` into view.</doc>
<status status="PASS" starttime="20221102 22:15:09.877" endtime="20221102 22:15:10.183"/>
</kw>
<kw name="Mouse Over" library="SeleniumLibrary">
<arg>${PRODUCT_NAME}</arg>
<doc>Simulates hovering the mouse over the element ``locator``.</doc>
<msg timestamp="20221102 22:15:10.184" level="INFO">Simulating Mouse Over on element 'xpath=//a[@title='Printed Dress']'.</msg>
<status status="PASS" starttime="20221102 22:15:10.183" endtime="20221102 22:15:10.452"/>
</kw>
<kw name="Wait Until Element Is Visible" library="SeleniumLibrary">
<arg>${ADD_TO_CART}</arg>
<arg>${TIMEOUT}</arg>
<doc>Waits until the element ``locator`` is visible.</doc>
<status status="PASS" starttime="20221102 22:15:10.452" endtime="20221102 22:15:10.478"/>
</kw>
<kw name="Click Element" library="SeleniumLibrary">
<arg>${ADD_TO_CART}</arg>
<doc>Click the element identified by ``locator``.</doc>
<msg timestamp="20221102 22:15:10.480" level="INFO">Clicking element 'xpath=//a[@title='Add to cart' and @data-id-product='4']'.</msg>
<status status="PASS" starttime="20221102 22:15:10.478" endtime="20221102 22:15:10.718"/>
</kw>
<kw name="Wait Until Element Is Visible" library="SeleniumLibrary">
<arg>${CHECKOUT}</arg>
<arg>${TIMEOUT}</arg>
<doc>Waits until the element ``locator`` is visible.</doc>
<status status="PASS" starttime="20221102 22:15:10.719" endtime="20221102 22:15:12.588"/>
</kw>
<status status="PASS" starttime="20221102 22:15:08.112" endtime="20221102 22:15:12.588"/>
</kw>
<kw name="When I click on the proceed to checkout button" library="keywords">
<kw name="Click Element" library="SeleniumLibrary">
<arg>${CHECKOUT}</arg>
<doc>Click the element identified by ``locator``.</doc>
<msg timestamp="20221102 22:15:12.590" level="INFO">Clicking element 'xpath=//a[@title='Proceed to checkout']'.</msg>
<status status="PASS" starttime="20221102 22:15:12.590" endtime="20221102 22:15:14.153"/>
</kw>
<status status="PASS" starttime="20221102 22:15:12.589" endtime="20221102 22:15:14.154"/>
</kw>
<kw name="Then next page contains the product's price and another proceed to checkout button" library="keywords">
<kw name="Page Should Contain" library="SeleniumLibrary">
<arg>${PRICE}</arg>
<doc>Verifies that current page contains ``text``.</doc>
<msg timestamp="20221102 22:15:14.195" level="INFO">Current page contains text '$'.</msg>
<status status="PASS" starttime="20221102 22:15:14.155" endtime="20221102 22:15:14.196"/>
</kw>
<kw name="Wait Until Element Is Visible" library="SeleniumLibrary">
<arg>${CHECKOUT_HREF}</arg>
<arg>${TIMEOUT}</arg>
<doc>Waits until the element ``locator`` is visible.</doc>
<status status="PASS" starttime="20221102 22:15:14.196" endtime="20221102 22:15:14.239"/>
</kw>
<status status="PASS" starttime="20221102 22:15:14.154" endtime="20221102 22:15:14.239"/>
</kw>
<kw name="Close Browser" library="SeleniumLibrary" type="TEARDOWN">
<doc>Closes the current browser.</doc>
<status status="PASS" starttime="20221102 22:15:14.239" endtime="20221102 22:15:15.228"/>
</kw>
<tag>All</tag>
<tag>Price</tag>
<status status="PASS" starttime="20221102 22:14:59.513" endtime="20221102 22:15:15.228"/>
</test>
<test id="s1-s1-t5" name="Test Case 05: Proceed to Checkout" line="46">
<kw name="Open Browser" library="SeleniumLibrary" type="SETUP">
<arg>${URL}</arg>
<arg>${BROWSER}</arg>
<doc>Opens a new browser instance to the optional ``url``.</doc>
<msg timestamp="20221102 22:15:15.231" level="INFO">Opening browser 'firefox' to base url 'http://automationpractice.com/index.php'.</msg>
<msg timestamp="20221102 22:15:15.231" level="INFO">Firefox driver log is always forced to to: /home/vinni/automation_tests_practice/reports/geckodriver-5.log</msg>
<status status="PASS" starttime="20221102 22:15:15.230" endtime="20221102 22:15:24.972"/>
</kw>
<kw name="Log To Console" library="BuiltIn">
<arg>tags: Checkout, All</arg>
<doc>Logs the given message to the console.</doc>
<status status="PASS" starttime="20221102 22:15:24.973" endtime="20221102 22:15:24.974"/>
</kw>
<kw name="Given that I confirmed the price" library="keywords">
<kw name="Input Text" library="SeleniumLibrary">
<arg>${SEARCH_BOX}</arg>
<arg>${PRODUCT}</arg>
<doc>Types the given ``text`` into the text field identified by ``locator``.</doc>
<msg timestamp="20221102 22:15:24.977" level="INFO">Typing text 'Dress' into text field 'id=search_query_top'.</msg>
<status status="PASS" starttime="20221102 22:15:24.976" endtime="20221102 22:15:25.060"/>
</kw>
<kw name="Click Button" library="SeleniumLibrary">
<arg>${SEARCH_BUTTON}</arg>
<doc>Clicks the button identified by ``locator``.</doc>
<msg timestamp="20221102 22:15:25.062" level="INFO">Clicking button 'name=submit_search'.</msg>
<status status="PASS" starttime="20221102 22:15:25.060" endtime="20221102 22:15:26.462"/>
</kw>
<kw name="Wait Until Element Is Visible" library="SeleniumLibrary">
<arg>${SHOWCASE}</arg>
<arg>${TIMEOUT}</arg>
<doc>Waits until the element ``locator`` is visible.</doc>
<status status="PASS" starttime="20221102 22:15:26.462" endtime="20221102 22:15:26.525"/>
</kw>
<kw name="Scroll Element Into View" library="SeleniumLibrary">
<arg>${SHOWCASE}</arg>
<doc>Scrolls the element identified by ``locator`` into view.</doc>
<status status="PASS" starttime="20221102 22:15:26.525" endtime="20221102 22:15:26.834"/>
</kw>
<kw name="Mouse Over" library="SeleniumLibrary">
<arg>${PRODUCT_NAME}</arg>
<doc>Simulates hovering the mouse over the element ``locator``.</doc>
<msg timestamp="20221102 22:15:26.836" level="INFO">Simulating Mouse Over on element 'xpath=//a[@title='Printed Dress']'.</msg>
<status status="PASS" starttime="20221102 22:15:26.835" endtime="20221102 22:15:27.124"/>
</kw>
<kw name="Wait Until Element Is Visible" library="SeleniumLibrary">
<arg>${ADD_TO_CART}</arg>
<arg>${TIMEOUT}</arg>
<doc>Waits until the element ``locator`` is visible.</doc>
<status status="PASS" starttime="20221102 22:15:27.125" endtime="20221102 22:15:27.153"/>
</kw>
<kw name="Click Element" library="SeleniumLibrary">
<arg>${ADD_TO_CART}</arg>
<doc>Click the element identified by ``locator``.</doc>
<msg timestamp="20221102 22:15:27.154" level="INFO">Clicking element 'xpath=//a[@title='Add to cart' and @data-id-product='4']'.</msg>
<status status="PASS" starttime="20221102 22:15:27.153" endtime="20221102 22:15:27.401"/>
</kw>
<kw name="Wait Until Element Is Visible" library="SeleniumLibrary">
<arg>${CHECKOUT}</arg>
<arg>${TIMEOUT}</arg>
<doc>Waits until the element ``locator`` is visible.</doc>
<status status="PASS" starttime="20221102 22:15:27.401" endtime="20221102 22:15:28.124"/>
</kw>
<kw name="Click Element" library="SeleniumLibrary">
<arg>${CHECKOUT}</arg>
<doc>Click the element identified by ``locator``.</doc>
<msg timestamp="20221102 22:15:28.125" level="INFO">Clicking element 'xpath=//a[@title='Proceed to checkout']'.</msg>
<status status="PASS" starttime="20221102 22:15:28.124" endtime="20221102 22:15:29.540"/>
</kw>
<kw name="Page Should Contain" library="SeleniumLibrary">
<arg>${PRICE}</arg>
<doc>Verifies that current page contains ``text``.</doc>
<msg timestamp="20221102 22:15:29.590" level="INFO">Current page contains text '$'.</msg>
<status status="PASS" starttime="20221102 22:15:29.541" endtime="20221102 22:15:29.590"/>
</kw>
<kw name="Wait Until Element Is Visible" library="SeleniumLibrary">
<arg>${CHECKOUT_HREF}</arg>
<arg>${TIMEOUT}</arg>
<doc>Waits until the element ``locator`` is visible.</doc>
<status status="PASS" starttime="20221102 22:15:29.590" endtime="20221102 22:15:29.627"/>
</kw>
<status status="PASS" starttime="20221102 22:15:24.974" endtime="20221102 22:15:29.627"/>
</kw>
<kw name="When I click on the second proceed to checkout button" library="keywords">
<kw name="Click Element" library="SeleniumLibrary">
<arg>${CHECKOUT_HREF}</arg>
<doc>Click the element identified by ``locator``.</doc>
<msg timestamp="20221102 22:15:29.631" level="INFO">Clicking element 'xpath=//a[@href='http://automationpractice.com/index.php?controller=order&amp;step=1']'.</msg>
<status status="PASS" starttime="20221102 22:15:29.629" endtime="20221102 22:15:31.902"/>
</kw>
<status status="PASS" starttime="20221102 22:15:29.628" endtime="20221102 22:15:31.903"/>
</kw>
<kw name="Then the next page should require my subscription" library="keywords">
<kw name="Wait Until Element Is Visible" library="SeleniumLibrary">
<arg>${EMAIL_CREATE}</arg>
<arg>${TIMEOUT}</arg>
<doc>Waits until the element ``locator`` is visible.</doc>
<status status="PASS" starttime="20221102 22:15:31.904" endtime="20221102 22:15:31.968"/>
</kw>
<status status="PASS" starttime="20221102 22:15:31.904" endtime="20221102 22:15:31.968"/>
</kw>
<kw name="Close Browser" library="SeleniumLibrary" type="TEARDOWN">
<doc>Closes the current browser.</doc>
<status status="PASS" starttime="20221102 22:15:31.970" endtime="20221102 22:15:32.977"/>
</kw>
<tag>All</tag>
<tag>Checkout</tag>
<status status="PASS" starttime="20221102 22:15:15.229" endtime="20221102 22:15:32.978"/>
</test>
<test id="s1-s1-t6" name="Scenaario 06: Account Creation" line="53">
<kw name="Open Browser" library="SeleniumLibrary" type="SETUP">
<arg>${URL}</arg>
<arg>${BROWSER}</arg>
<doc>Opens a new browser instance to the optional ``url``.</doc>
<msg timestamp="20221102 22:15:32.980" level="INFO">Opening browser 'firefox' to base url 'http://automationpractice.com/index.php'.</msg>
<msg timestamp="20221102 22:15:32.981" level="INFO">Firefox driver log is always forced to to: /home/vinni/automation_tests_practice/reports/geckodriver-6.log</msg>
<status status="PASS" starttime="20221102 22:15:32.979" endtime="20221102 22:15:42.277"/>
</kw>
<kw name="Log To Console" library="BuiltIn">
<arg>tags: Account, All</arg>
<doc>Logs the given message to the console.</doc>
<status status="PASS" starttime="20221102 22:15:42.278" endtime="20221102 22:15:42.278"/>
</kw>
<kw name="Given that I am on the subscription page" library="keywords">
<kw name="Input Text" library="SeleniumLibrary">
<arg>${SEARCH_BOX}</arg>
<arg>${PRODUCT}</arg>
<doc>Types the given ``text`` into the text field identified by ``locator``.</doc>
<msg timestamp="20221102 22:15:42.280" level="INFO">Typing text 'Dress' into text field 'id=search_query_top'.</msg>
<status status="PASS" starttime="20221102 22:15:42.279" endtime="20221102 22:15:42.379"/>
</kw>
<kw name="Click Button" library="SeleniumLibrary">
<arg>${SEARCH_BUTTON}</arg>
<doc>Clicks the button identified by ``locator``.</doc>
<msg timestamp="20221102 22:15:42.380" level="INFO">Clicking button 'name=submit_search'.</msg>
<status status="PASS" starttime="20221102 22:15:42.379" endtime="20221102 22:15:44.143"/>
</kw>
<kw name="Wait Until Element Is Visible" library="SeleniumLibrary">
<arg>${SHOWCASE}</arg>
<arg>${TIMEOUT}</arg>
<doc>Waits until the element ``locator`` is visible.</doc>
<status status="PASS" starttime="20221102 22:15:44.143" endtime="20221102 22:15:44.196"/>
</kw>
<kw name="Scroll Element Into View" library="SeleniumLibrary">
<arg>${SHOWCASE}</arg>
<doc>Scrolls the element identified by ``locator`` into view.</doc>
<status status="PASS" starttime="20221102 22:15:44.196" endtime="20221102 22:15:44.515"/>
</kw>
<kw name="Mouse Over" library="SeleniumLibrary">
<arg>${PRODUCT_NAME}</arg>
<doc>Simulates hovering the mouse over the element ``locator``.</doc>
<msg timestamp="20221102 22:15:44.516" level="INFO">Simulating Mouse Over on element 'xpath=//a[@title='Printed Dress']'.</msg>
<status status="PASS" starttime="20221102 22:15:44.515" endtime="20221102 22:15:44.795"/>
</kw>
<kw name="Wait Until Element Is Visible" library="SeleniumLibrary">
<arg>${ADD_TO_CART}</arg>
<arg>${TIMEOUT}</arg>
<doc>Waits until the element ``locator`` is visible.</doc>
<status status="PASS" starttime="20221102 22:15:44.795" endtime="20221102 22:15:44.832"/>
</kw>
<kw name="Click Element" library="SeleniumLibrary">
<arg>${ADD_TO_CART}</arg>
<doc>Click the element identified by ``locator``.</doc>
<msg timestamp="20221102 22:15:44.834" level="INFO">Clicking element 'xpath=//a[@title='Add to cart' and @data-id-product='4']'.</msg>
<status status="PASS" starttime="20221102 22:15:44.832" endtime="20221102 22:15:45.073"/>
</kw>
<kw name="Wait Until Element Is Visible" library="SeleniumLibrary">
<arg>${CHECKOUT}</arg>
<arg>${TIMEOUT}</arg>
<doc>Waits until the element ``locator`` is visible.</doc>
<status status="PASS" starttime="20221102 22:15:45.073" endtime="20221102 22:15:46.018"/>
</kw>
<kw name="Click Element" library="SeleniumLibrary">
<arg>${CHECKOUT}</arg>
<doc>Click the element identified by ``locator``.</doc>
<msg timestamp="20221102 22:15:46.020" level="INFO">Clicking element 'xpath=//a[@title='Proceed to checkout']'.</msg>
<status status="PASS" starttime="20221102 22:15:46.018" endtime="20221102 22:15:50.197"/>
</kw>
<kw name="Page Should Contain" library="SeleniumLibrary">
<arg>${PRICE}</arg>
<doc>Verifies that current page contains ``text``.</doc>
<msg timestamp="20221102 22:15:50.244" level="INFO">Current page contains text '$'.</msg>
<status status="PASS" starttime="20221102 22:15:50.198" endtime="20221102 22:15:50.244"/>
</kw>
<kw name="Wait Until Element Is Visible" library="SeleniumLibrary">
<arg>${CHECKOUT_HREF}</arg>
<arg>${TIMEOUT}</arg>
<doc>Waits until the element ``locator`` is visible.</doc>
<status status="PASS" starttime="20221102 22:15:50.244" endtime="20221102 22:15:50.283"/>
</kw>
<kw name="Click Element" library="SeleniumLibrary">
<arg>${CHECKOUT_HREF}</arg>
<doc>Click the element identified by ``locator``.</doc>
<msg timestamp="20221102 22:15:50.284" level="INFO">Clicking element 'xpath=//a[@href='http://automationpractice.com/index.php?controller=order&amp;step=1']'.</msg>
<status status="PASS" starttime="20221102 22:15:50.283" endtime="20221102 22:15:54.099"/>
</kw>
<kw name="Wait Until Element Is Visible" library="SeleniumLibrary">
<arg>${EMAIL_CREATE}</arg>
<arg>${TIMEOUT}</arg>
<doc>Waits until the element ``locator`` is visible.</doc>
<status status="PASS" starttime="20221102 22:15:54.099" endtime="20221102 22:15:54.151"/>
</kw>
<status status="PASS" starttime="20221102 22:15:42.279" endtime="20221102 22:15:54.151"/>
</kw>
<kw name="When I input the data to create my account and click on submit" library="keywords">
<kw name="Generate Random String" library="String">
<var>${email}</var>
<arg>10</arg>
<arg>abcdefghijklmnopqrstuvwxyzABCDEFGHIJKLMNOPQRSTUVWXYZ0123456789</arg>
<doc>Generates a string with a desired ``length`` from the given ``chars``.</doc>
<msg timestamp="20221102 22:15:54.153" level="INFO">${email} = GfA2uNCE9o</msg>
<status status="PASS" starttime="20221102 22:15:54.152" endtime="20221102 22:15:54.153"/>
</kw>
<kw name="Input Text" library="SeleniumLibrary">
<arg>${EMAIL_CREATE}</arg>
<arg>${email}@email.com</arg>
<doc>Types the given ``text`` into the text field identified by ``locator``.</doc>
<msg timestamp="20221102 22:15:54.155" level="INFO">Typing text 'GfA2uNCE9o@email.com' into text field 'xpath=//input[@id='email_create']'.</msg>
<status status="PASS" starttime="20221102 22:15:54.154" endtime="20221102 22:15:54.247"/>
</kw>
<kw name="Click Button" library="SeleniumLibrary">
<arg>${EMAIL_CREATE_BUTTON}</arg>
<doc>Clicks the button identified by ``locator``.</doc>
<msg timestamp="20221102 22:15:54.249" level="INFO">Clicking button 'id=SubmitCreate'.</msg>
<status status="PASS" starttime="20221102 22:15:54.248" endtime="20221102 22:15:54.562"/>
</kw>
<kw name="Wait Until Element Is Visible" library="SeleniumLibrary">
<arg>${GENDER}</arg>
<arg>${TIMEOUT}</arg>
<doc>Waits until the element ``locator`` is visible.</doc>
<status status="PASS" starttime="20221102 22:15:54.562" endtime="20221102 22:15:59.129"/>
</kw>
<kw name="Click Element" library="SeleniumLibrary">
<arg>${GENDER}</arg>
<doc>Click the element identified by ``locator``.</doc>
<msg timestamp="20221102 22:15:59.130" level="INFO">Clicking element 'id=id_gender1'.</msg>
<status status="PASS" starttime="20221102 22:15:59.129" endtime="20221102 22:15:59.366"/>
</kw>
<kw name="Input Text" library="SeleniumLibrary">
<arg>${INPUT_FIRSTNAME}</arg>
<arg>${FIRSTNAME}</arg>
<doc>Types the given ``text`` into the text field identified by ``locator``.</doc>
<msg timestamp="20221102 22:15:59.368" level="INFO">Typing text 'Eduardo' into text field 'id=customer_firstname'.</msg>
<status status="PASS" starttime="20221102 22:15:59.366" endtime="20221102 22:15:59.419"/>
</kw>
<kw name="Input Text" library="SeleniumLibrary">
<arg>${INPUT_LASTNAME}</arg>
<arg>${LASTNAME}</arg>
<doc>Types the given ``text`` into the text field identified by ``locator``.</doc>
<msg timestamp="20221102 22:15:59.420" level="INFO">Typing text 'Alvarez' into text field 'id=customer_lastname'.</msg>
<status status="PASS" starttime="20221102 22:15:59.419" endtime="20221102 22:15:59.465"/>
</kw>
<kw name="Input Text" library="SeleniumLibrary">
<arg>${INPUT_PSWRD}</arg>
<arg>${PASSWORD}</arg>
<doc>Types the given ``text`` into the text field identified by ``locator``.</doc>
<msg timestamp="20221102 22:15:59.469" level="INFO">Typing text '123456' into text field 'id=passwd'.</msg>
<status status="PASS" starttime="20221102 22:15:59.466" endtime="20221102 22:15:59.524"/>
</kw>
<kw name="Click Element" library="SeleniumLibrary">
<arg>${DAYS}</arg>
<doc>Click the element identified by ``locator``.</doc>
<msg timestamp="20221102 22:15:59.526" level="INFO">Clicking element 'id=days'.</msg>
<status status="PASS" starttime="20221102 22:15:59.525" endtime="20221102 22:15:59.693"/>
</kw>
<kw name="Wait Until Element Is Visible" library="SeleniumLibrary">
<arg>${DAYS_OPTION}</arg>
<doc>Waits until the element ``locator`` is visible.</doc>
<status status="PASS" starttime="20221102 22:15:59.693" endtime="20221102 22:15:59.729"/>
</kw>
<kw name="Select From List By Value" library="SeleniumLibrary">
<arg>${DAYS}</arg>
<arg>${BIRTH_DAY}</arg>
<doc>Selects options from selection list ``locator`` by ``values``.</doc>
<msg timestamp="20221102 22:15:59.730" level="INFO">Selecting options from selection list 'id=days' by value 14.</msg>
<status status="PASS" starttime="20221102 22:15:59.729" endtime="20221102 22:16:00.016"/>
</kw>
<kw name="List Selection Should Be" library="SeleniumLibrary">
<arg>${DAYS}</arg>
<arg>${BIRTH_DAY}</arg>
<doc>Verifies selection list ``locator`` has ``expected`` options selected.</doc>
<msg timestamp="20221102 22:16:00.018" level="INFO">Verifying list 'id=days' has option [ 14 ] selected.</msg>
<msg timestamp="20221102 22:16:00.028" level="INFO">Current page contains list 'id=days'.</msg>
<status status="PASS" starttime="20221102 22:16:00.017" endtime="20221102 22:16:00.256"/>
</kw>
<kw name="Click Element" library="SeleniumLibrary">
<arg>${MONTHS}</arg>
<doc>Click the element identified by ``locator``.</doc>
<msg timestamp="20221102 22:16:00.257" level="INFO">Clicking element 'id=months'.</msg>
<status status="PASS" starttime="20221102 22:16:00.256" endtime="20221102 22:16:00.512"/>
</kw>
<kw name="Wait Until Element Is Visible" library="SeleniumLibrary">
<arg>${MONTHS_OPTION}</arg>
<doc>Waits until the element ``locator`` is visible.</doc>
<status status="PASS" starttime="20221102 22:16:00.512" endtime="20221102 22:16:00.535"/>
</kw>
<kw name="Select From List By Value" library="SeleniumLibrary">
<arg>${MONTHS}</arg>
<arg>${BIRTH_MONTH}</arg>
<doc>Selects options from selection list ``locator`` by ``values``.</doc>
<msg timestamp="20221102 22:16:00.537" level="INFO">Selecting options from selection list 'id=months' by value 10.</msg>
<status status="PASS" starttime="20221102 22:16:00.536" endtime="20221102 22:16:00.791"/>
</kw>
<kw name="List Selection Should Be" library="SeleniumLibrary">
<arg>${MONTHS}</arg>
<arg>${BIRTH_MONTH}</arg>
<doc>Verifies selection list ``locator`` has ``expected`` options selected.</doc>
<msg timestamp="20221102 22:16:00.792" level="INFO">Verifying list 'id=months' has option [ 10 ] selected.</msg>
<msg timestamp="20221102 22:16:00.801" level="INFO">Current page contains list 'id=months'.</msg>
<status status="PASS" starttime="20221102 22:16:00.791" endtime="20221102 22:16:00.903"/>
</kw>
<kw name="Click Element" library="SeleniumLibrary">
<arg>${YEARS}</arg>
<doc>Click the element identified by ``locator``.</doc>
<msg timestamp="20221102 22:16:00.905" level="INFO">Clicking element 'id=years'.</msg>
<status status="PASS" starttime="20221102 22:16:00.904" endtime="20221102 22:16:01.199"/>
</kw>
<kw name="Wait Until Element Is Visible" library="SeleniumLibrary">
<arg>${YEARS_OPTION}</arg>
<doc>Waits until the element ``locator`` is visible.</doc>
<status status="PASS" starttime="20221102 22:16:01.199" endtime="20221102 22:16:01.222"/>
</kw>
<kw name="Select From List By Value" library="SeleniumLibrary">
<arg>${YEARS}</arg>
<arg>${BIRTH_YEAR}</arg>
<doc>Selects options from selection list ``locator`` by ``values``.</doc>
<msg timestamp="20221102 22:16:01.223" level="INFO">Selecting options from selection list 'id=years' by value 1980.</msg>
<status status="PASS" starttime="20221102 22:16:01.222" endtime="20221102 22:16:01.474"/>
</kw>
<kw name="List Selection Should Be" library="SeleniumLibrary">
<arg>${YEARS}</arg>
<arg>${BIRTH_YEAR}</arg>
<doc>Verifies selection list ``locator`` has ``expected`` options selected.</doc>
<msg timestamp="20221102 22:16:01.476" level="INFO">Verifying list 'id=years' has option [ 1980 ] selected.</msg>
<msg timestamp="20221102 22:16:01.483" level="INFO">Current page contains list 'id=years'.</msg>
<status status="PASS" starttime="20221102 22:16:01.475" endtime="20221102 22:16:02.033"/>
</kw>
<kw name="Input Text" library="SeleniumLibrary">
<arg>${INPUT_COMPANY}</arg>
<arg>${COMPANY}</arg>
<doc>Types the given ``text`` into the text field identified by ``locator``.</doc>
<msg timestamp="20221102 22:16:02.035" level="INFO">Typing text 'ACME' into text field 'id=company'.</msg>
<status status="PASS" starttime="20221102 22:16:02.033" endtime="20221102 22:16:02.071"/>
</kw>
<kw name="Input Text" library="SeleniumLibrary">
<arg>${INPUT_ADDRESS}</arg>
<arg>${ADDRESS_1}</arg>
<doc>Types the given ``text`` into the text field identified by ``locator``.</doc>
<msg timestamp="20221102 22:16:02.072" level="INFO">Typing text 'Sing Street 123' into text field 'id=address1'.</msg>
<status status="PASS" starttime="20221102 22:16:02.071" endtime="20221102 22:16:02.125"/>
</kw>
<kw name="Input Text" library="SeleniumLibrary">
<arg>${INPUT_ADDRESS2}</arg>
<arg>${ADDRESS_2}</arg>
<doc>Types the given ``text`` into the text field identified by ``locator``.</doc>
<msg timestamp="20221102 22:16:02.126" level="INFO">Typing text '2nd floor' into text field 'id=address2'.</msg>
<status status="PASS" starttime="20221102 22:16:02.125" endtime="20221102 22:16:02.164"/>
</kw>
<kw name="Input Text" library="SeleniumLibrary">
<arg>${INPUT_CITY}</arg>
<arg>${TOWN}</arg>
<doc>Types the given ``text`` into the text field identified by ``locator``.</doc>
<msg timestamp="20221102 22:16:02.167" level="INFO">Typing text 'Neverland' into text field 'id=city'.</msg>
<status status="PASS" starttime="20221102 22:16:02.164" endtime="20221102 22:16:02.205"/>
</kw>
<kw name="Click Element" library="SeleniumLibrary">
<arg>${STATE_LIST}</arg>
<doc>Click the element identified by ``locator``.</doc>
<msg timestamp="20221102 22:16:02.207" level="INFO">Clicking element 'id=id_state'.</msg>
<status status="PASS" starttime="20221102 22:16:02.206" endtime="20221102 22:16:02.492"/>
</kw>
<kw name="Wait Until Element Is Visible" library="SeleniumLibrary">
<arg>${STATE_OPTION}</arg>
<arg>${TIMEOUT}</arg>
<doc>Waits until the element ``locator`` is visible.</doc>
<status status="PASS" starttime="20221102 22:16:02.492" endtime="20221102 22:16:02.515"/>
</kw>
<kw name="Select From List By Value" library="SeleniumLibrary">
<arg>${STATE_LIST}</arg>
<arg>${STATE_VALUE}</arg>
<doc>Selects options from selection list ``locator`` by ``values``.</doc>
<msg timestamp="20221102 22:16:02.517" level="INFO">Selecting options from selection list 'id=id_state' by value 4.</msg>
<status status="PASS" starttime="20221102 22:16:02.516" endtime="20221102 22:16:02.766"/>
</kw>
<kw name="List Selection Should Be" library="SeleniumLibrary">
<arg>${STATE_LIST}</arg>
<arg>${STATE_VALUE}</arg>
<doc>Verifies selection list ``locator`` has ``expected`` options selected.</doc>
<msg timestamp="20221102 22:16:02.768" level="INFO">Verifying list 'id=id_state' has option [ 4 ] selected.</msg>
<msg timestamp="20221102 22:16:02.776" level="INFO">Current page contains list 'id=id_state'.</msg>
<status status="PASS" starttime="20221102 22:16:02.767" endtime="20221102 22:16:03.034"/>
</kw>
<kw name="Input Text" library="SeleniumLibrary">
<arg>${INPUT_POSTCODE}</arg>
<arg>${POSTCODE}</arg>
<doc>Types the given ``text`` into the text field identified by ``locator``.</doc>
<msg timestamp="20221102 22:16:03.035" level="INFO">Typing text '12345' into text field 'id=postcode'.</msg>
<status status="PASS" starttime="20221102 22:16:03.034" endtime="20221102 22:16:03.069"/>
</kw>
<kw name="Click Element" library="SeleniumLibrary">
<arg>${COUNTRY_LIST}</arg>
<doc>Click the element identified by ``locator``.</doc>
<msg timestamp="20221102 22:16:03.070" level="INFO">Clicking element 'id=id_country'.</msg>
<status status="PASS" starttime="20221102 22:16:03.069" endtime="20221102 22:16:03.327"/>
</kw>
<kw name="Wait Until Element Is Visible" library="SeleniumLibrary">
<arg>${COUNTRY_OPTION}</arg>
<doc>Waits until the element ``locator`` is visible.</doc>
<status status="PASS" starttime="20221102 22:16:03.328" endtime="20221102 22:16:03.350"/>
</kw>
<kw name="Select From List By Value" library="SeleniumLibrary">
<arg>${COUNTRY_LIST}</arg>
<arg>${COUNTRY_VALUE}</arg>
<doc>Selects options from selection list ``locator`` by ``values``.</doc>
<msg timestamp="20221102 22:16:03.351" level="INFO">Selecting options from selection list 'id=id_country' by value 21.</msg>
<status status="PASS" starttime="20221102 22:16:03.350" endtime="20221102 22:16:03.377"/>
</kw>
<kw name="List Selection Should Be" library="SeleniumLibrary">
<arg>${COUNTRY_LIST}</arg>
<arg>${COUNTRY_VALUE}</arg>
<doc>Verifies selection list ``locator`` has ``expected`` options selected.</doc>
<msg timestamp="20221102 22:16:03.378" level="INFO">Verifying list 'id=id_country' has option [ 21 ] selected.</msg>
<msg timestamp="20221102 22:16:03.386" level="INFO">Current page contains list 'id=id_country'.</msg>
<status status="PASS" starttime="20221102 22:16:03.377" endtime="20221102 22:16:03.439"/>
</kw>
<kw name="Input Text" library="SeleniumLibrary">
<arg>${INPUT_OTHER}</arg>
<arg>${OTHER}</arg>
<doc>Types the given ``text`` into the text field identified by ``locator``.</doc>
<msg timestamp="20221102 22:16:03.440" level="INFO">Typing text 'Other info' into text field 'id=other'.</msg>
<status status="PASS" starttime="20221102 22:16:03.439" endtime="20221102 22:16:03.493"/>
</kw>
<kw name="Input Text" library="SeleniumLibrary">
<arg>${INPUT_PHONE}</arg>
<arg>${PHONE}</arg>
<doc>Types the given ``text`` into the text field identified by ``locator``.</doc>
<msg timestamp="20221102 22:16:03.496" level="INFO">Typing text '123456789' into text field 'id=phone'.</msg>
<status status="PASS" starttime="20221102 22:16:03.493" endtime="20221102 22:16:03.590"/>
</kw>
<kw name="Input Text" library="SeleniumLibrary">
<arg>${INPUT_PHONE_MOBILE}</arg>
<arg>${CELLPHONE}</arg>
<doc>Types the given ``text`` into the text field identified by ``locator``.</doc>
<msg timestamp="20221102 22:16:03.591" level="INFO">Typing text '987654321' into text field 'id=phone_mobile'.</msg>
<status status="PASS" starttime="20221102 22:16:03.590" endtime="20221102 22:16:03.633"/>
</kw>
<kw name="Input Text" library="SeleniumLibrary">
<arg>${INPUT_ALIAS}</arg>
<arg>${ALIAS}</arg>
<doc>Types the given ``text`` into the text field identified by ``locator``.</doc>
<msg timestamp="20221102 22:16:03.635" level="INFO">Typing text 'Home' into text field 'id=alias'.</msg>
<status status="PASS" starttime="20221102 22:16:03.633" endtime="20221102 22:16:03.675"/>
</kw>
<kw name="Click Button" library="SeleniumLibrary">
<arg>${SUBMIT_ACCOUNT}</arg>
<doc>Clicks the button identified by ``locator``.</doc>
<msg timestamp="20221102 22:16:03.676" level="INFO">Clicking button 'id=submitAccount'.</msg>
<status status="PASS" starttime="20221102 22:16:03.675" endtime="20221102 22:16:08.937"/>
</kw>
<status status="PASS" starttime="20221102 22:15:54.152" endtime="20221102 22:16:08.937"/>
</kw>
<kw name="Then the next page confirm the address where the product will be shipped to" library="keywords">
<kw name="Wait Until Element Is Visible" library="SeleniumLibrary">
<arg>${PROCESS_ADDRESS}</arg>
<arg>${TIMEOUT}</arg>
<doc>Waits until the element ``locator`` is visible.</doc>
<status status="PASS" starttime="20221102 22:16:08.938" endtime="20221102 22:16:13.307"/>
</kw>
<status status="PASS" starttime="20221102 22:16:08.937" endtime="20221102 22:16:13.307"/>
</kw>
<kw name="Close Browser" library="SeleniumLibrary" type="TEARDOWN">
<doc>Closes the current browser.</doc>
<status status="PASS" starttime="20221102 22:16:13.307" endtime="20221102 22:16:16.263"/>
</kw>
<tag>Account</tag>
<tag>All</tag>
<status status="PASS" starttime="20221102 22:15:32.978" endtime="20221102 22:16:16.263"/>
</test>
<test id="s1-s1-t7" name="Test Case 07: Address Confirmation" line="60">
<kw name="Open Browser" library="SeleniumLibrary" type="SETUP">
<arg>${URL}</arg>
<arg>${BROWSER}</arg>
<doc>Opens a new browser instance to the optional ``url``.</doc>
<msg timestamp="20221102 22:16:16.266" level="INFO">Opening browser 'firefox' to base url 'http://automationpractice.com/index.php'.</msg>
<msg timestamp="20221102 22:16:16.266" level="INFO">Firefox driver log is always forced to to: /home/vinni/automation_tests_practice/reports/geckodriver-7.log</msg>
<status status="PASS" starttime="20221102 22:16:16.265" endtime="20221102 22:16:26.219"/>
</kw>
<kw name="Log To Console" library="BuiltIn">
<arg>tags: Address, All</arg>
<doc>Logs the given message to the console.</doc>
<status status="PASS" starttime="20221102 22:16:26.219" endtime="20221102 22:16:26.220"/>
</kw>
<kw name="Given that I created my account succesfully" library="keywords">
<kw name="Input Text" library="SeleniumLibrary">
<arg>${SEARCH_BOX}</arg>
<arg>${PRODUCT}</arg>
<doc>Types the given ``text`` into the text field identified by ``locator``.</doc>
<msg timestamp="20221102 22:16:26.221" level="INFO">Typing text 'Dress' into text field 'id=search_query_top'.</msg>
<status status="PASS" starttime="20221102 22:16:26.220" endtime="20221102 22:16:26.317"/>
</kw>
<kw name="Click Button" library="SeleniumLibrary">
<arg>${SEARCH_BUTTON}</arg>
<doc>Clicks the button identified by ``locator``.</doc>
<msg timestamp="20221102 22:16:26.319" level="INFO">Clicking button 'name=submit_search'.</msg>
<status status="PASS" starttime="20221102 22:16:26.317" endtime="20221102 22:16:29.658"/>
</kw>
<kw name="Wait Until Element Is Visible" library="SeleniumLibrary">
<arg>${SHOWCASE}</arg>
<arg>${TIMEOUT}</arg>
<doc>Waits until the element ``locator`` is visible.</doc>
<status status="PASS" starttime="20221102 22:16:29.659" endtime="20221102 22:16:29.715"/>
</kw>
<kw name="Scroll Element Into View" library="SeleniumLibrary">
<arg>${SHOWCASE}</arg>
<doc>Scrolls the element identified by ``locator`` into view.</doc>
<status status="PASS" starttime="20221102 22:16:29.716" endtime="20221102 22:16:30.031"/>
</kw>
<kw name="Mouse Over" library="SeleniumLibrary">
<arg>${PRODUCT_NAME}</arg>
<doc>Simulates hovering the mouse over the element ``locator``.</doc>
<msg timestamp="20221102 22:16:30.033" level="INFO">Simulating Mouse Over on element 'xpath=//a[@title='Printed Dress']'.</msg>
<status status="PASS" starttime="20221102 22:16:30.031" endtime="20221102 22:16:30.319"/>
</kw>
<kw name="Wait Until Element Is Visible" library="SeleniumLibrary">
<arg>${ADD_TO_CART}</arg>
<arg>${TIMEOUT}</arg>
<doc>Waits until the element ``locator`` is visible.</doc>
<status status="PASS" starttime="20221102 22:16:30.319" endtime="20221102 22:16:30.348"/>
</kw>
<kw name="Click Element" library="SeleniumLibrary">
<arg>${ADD_TO_CART}</arg>
<doc>Click the element identified by ``locator``.</doc>
<msg timestamp="20221102 22:16:30.349" level="INFO">Clicking element 'xpath=//a[@title='Add to cart' and @data-id-product='4']'.</msg>
<status status="PASS" starttime="20221102 22:16:30.348" endtime="20221102 22:16:30.592"/>
</kw>
<kw name="Wait Until Element Is Visible" library="SeleniumLibrary">
<arg>${CHECKOUT}</arg>
<arg>${TIMEOUT}</arg>
<doc>Waits until the element ``locator`` is visible.</doc>
<status status="PASS" starttime="20221102 22:16:30.593" endtime="20221102 22:16:31.317"/>
</kw>
<kw name="Click Element" library="SeleniumLibrary">
<arg>${CHECKOUT}</arg>
<doc>Click the element identified by ``locator``.</doc>
<msg timestamp="20221102 22:16:31.318" level="INFO">Clicking element 'xpath=//a[@title='Proceed to checkout']'.</msg>
<status status="PASS" starttime="20221102 22:16:31.317" endtime="20221102 22:16:33.713"/>
</kw>
<kw name="Page Should Contain" library="SeleniumLibrary">
<arg>${PRICE}</arg>
<doc>Verifies that current page contains ``text``.</doc>
<msg timestamp="20221102 22:16:33.754" level="INFO">Current page contains text '$'.</msg>
<status status="PASS" starttime="20221102 22:16:33.713" endtime="20221102 22:16:33.754"/>
</kw>
<kw name="Wait Until Element Is Visible" library="SeleniumLibrary">
<arg>${CHECKOUT_HREF}</arg>
<arg>${TIMEOUT}</arg>
<doc>Waits until the element ``locator`` is visible.</doc>
<status status="PASS" starttime="20221102 22:16:33.755" endtime="20221102 22:16:33.794"/>
</kw>
<kw name="Click Element" library="SeleniumLibrary">
<arg>${CHECKOUT_HREF}</arg>
<doc>Click the element identified by ``locator``.</doc>
<msg timestamp="20221102 22:16:33.796" level="INFO">Clicking element 'xpath=//a[@href='http://automationpractice.com/index.php?controller=order&amp;step=1']'.</msg>
<status status="PASS" starttime="20221102 22:16:33.795" endtime="20221102 22:16:36.773"/>
</kw>
<kw name="Wait Until Element Is Visible" library="SeleniumLibrary">
<arg>${EMAIL_CREATE}</arg>
<arg>${TIMEOUT}</arg>
<doc>Waits until the element ``locator`` is visible.</doc>
<status status="PASS" starttime="20221102 22:16:36.774" endtime="20221102 22:16:36.838"/>
</kw>
<kw name="Generate Random String" library="String">
<var>${email}</var>
<arg>10</arg>
<arg>abcdefghijklmnopqrstuvwxyzABCDEFGHIJKLMNOPQRSTUVWXYZ0123456789</arg>
<doc>Generates a string with a desired ``length`` from the given ``chars``.</doc>
<msg timestamp="20221102 22:16:36.839" level="INFO">${email} = sBWzMTXVEh</msg>
<status status="PASS" starttime="20221102 22:16:36.839" endtime="20221102 22:16:36.839"/>
</kw>
<kw name="Input Text" library="SeleniumLibrary">
<arg>${EMAIL_CREATE}</arg>
<arg>${email}@email.com</arg>
<doc>Types the given ``text`` into the text field identified by ``locator``.</doc>
<msg timestamp="20221102 22:16:36.840" level="INFO">Typing text 'sBWzMTXVEh@email.com' into text field 'xpath=//input[@id='email_create']'.</msg>
<status status="PASS" starttime="20221102 22:16:36.839" endtime="20221102 22:16:36.927"/>
</kw>
<kw name="Click Button" library="SeleniumLibrary">
<arg>${EMAIL_CREATE_BUTTON}</arg>
<doc>Clicks the button identified by ``locator``.</doc>
<msg timestamp="20221102 22:16:36.929" level="INFO">Clicking button 'id=SubmitCreate'.</msg>
<status status="PASS" starttime="20221102 22:16:36.927" endtime="20221102 22:16:37.273"/>
</kw>
<kw name="Wait Until Element Is Visible" library="SeleniumLibrary">
<arg>${GENDER}</arg>
<arg>${TIMEOUT}</arg>
<doc>Waits until the element ``locator`` is visible.</doc>
<status status="PASS" starttime="20221102 22:16:37.274" endtime="20221102 22:16:40.400"/>
</kw>
<kw name="Click Element" library="SeleniumLibrary">
<arg>${GENDER}</arg>
<doc>Click the element identified by ``locator``.</doc>
<msg timestamp="20221102 22:16:40.402" level="INFO">Clicking element 'id=id_gender1'.</msg>
<status status="PASS" starttime="20221102 22:16:40.401" endtime="20221102 22:16:40.643"/>
</kw>
<kw name="Input Text" library="SeleniumLibrary">
<arg>${INPUT_FIRSTNAME}</arg>
<arg>${FIRSTNAME}</arg>
<doc>Types the given ``text`` into the text field identified by ``locator``.</doc>
<msg timestamp="20221102 22:16:40.646" level="INFO">Typing text 'Eduardo' into text field 'id=customer_firstname'.</msg>
<status status="PASS" starttime="20221102 22:16:40.644" endtime="20221102 22:16:40.697"/>
</kw>
<kw name="Input Text" library="SeleniumLibrary">
<arg>${INPUT_LASTNAME}</arg>
<arg>${LASTNAME}</arg>
<doc>Types the given ``text`` into the text field identified by ``locator``.</doc>
<msg timestamp="20221102 22:16:40.699" level="INFO">Typing text 'Alvarez' into text field 'id=customer_lastname'.</msg>
<status status="PASS" starttime="20221102 22:16:40.698" endtime="20221102 22:16:40.748"/>
</kw>
<kw name="Input Text" library="SeleniumLibrary">
<arg>${INPUT_PSWRD}</arg>
<arg>${PASSWORD}</arg>
<doc>Types the given ``text`` into the text field identified by ``locator``.</doc>
<msg timestamp="20221102 22:16:40.749" level="INFO">Typing text '123456' into text field 'id=passwd'.</msg>
<status status="PASS" starttime="20221102 22:16:40.748" endtime="20221102 22:16:40.798"/>
</kw>
<kw name="Click Element" library="SeleniumLibrary">
<arg>${DAYS}</arg>
<doc>Click the element identified by ``locator``.</doc>
<msg timestamp="20221102 22:16:40.799" level="INFO">Clicking element 'id=days'.</msg>
<status status="PASS" starttime="20221102 22:16:40.798" endtime="20221102 22:16:40.958"/>
</kw>
<kw name="Wait Until Element Is Visible" library="SeleniumLibrary">
<arg>${DAYS_OPTION}</arg>
<doc>Waits until the element ``locator`` is visible.</doc>
<status status="PASS" starttime="20221102 22:16:40.959" endtime="20221102 22:16:40.998"/>
</kw>
<kw name="Select From List By Value" library="SeleniumLibrary">
<arg>${DAYS}</arg>
<arg>${BIRTH_DAY}</arg>
<doc>Selects options from selection list ``locator`` by ``values``.</doc>
<msg timestamp="20221102 22:16:40.999" level="INFO">Selecting options from selection list 'id=days' by value 14.</msg>
<status status="PASS" starttime="20221102 22:16:40.998" endtime="20221102 22:16:41.294"/>
</kw>
<kw name="List Selection Should Be" library="SeleniumLibrary">
<arg>${DAYS}</arg>
<arg>${BIRTH_DAY}</arg>
<doc>Verifies selection list ``locator`` has ``expected`` options selected.</doc>
<msg timestamp="20221102 22:16:41.296" level="INFO">Verifying list 'id=days' has option [ 14 ] selected.</msg>
<msg timestamp="20221102 22:16:41.306" level="INFO">Current page contains list 'id=days'.</msg>
<status status="PASS" starttime="20221102 22:16:41.295" endtime="20221102 22:16:41.569"/>
</kw>
<kw name="Click Element" library="SeleniumLibrary">
<arg>${MONTHS}</arg>
<doc>Click the element identified by ``locator``.</doc>
<msg timestamp="20221102 22:16:41.570" level="INFO">Clicking element 'id=months'.</msg>
<status status="PASS" starttime="20221102 22:16:41.569" endtime="20221102 22:16:41.823"/>
</kw>
<kw name="Wait Until Element Is Visible" library="SeleniumLibrary">
<arg>${MONTHS_OPTION}</arg>
<doc>Waits until the element ``locator`` is visible.</doc>
<status status="PASS" starttime="20221102 22:16:41.823" endtime="20221102 22:16:41.846"/>
</kw>
<kw name="Select From List By Value" library="SeleniumLibrary">
<arg>${MONTHS}</arg>
<arg>${BIRTH_MONTH}</arg>
<doc>Selects options from selection list ``locator`` by ``values``.</doc>
<msg timestamp="20221102 22:16:41.847" level="INFO">Selecting options from selection list 'id=months' by value 10.</msg>
<status status="PASS" starttime="20221102 22:16:41.846" endtime="20221102 22:16:42.102"/>
</kw>
<kw name="List Selection Should Be" library="SeleniumLibrary">
<arg>${MONTHS}</arg>
<arg>${BIRTH_MONTH}</arg>
<doc>Verifies selection list ``locator`` has ``expected`` options selected.</doc>
<msg timestamp="20221102 22:16:42.103" level="INFO">Verifying list 'id=months' has option [ 10 ] selected.</msg>
<msg timestamp="20221102 22:16:42.111" level="INFO">Current page contains list 'id=months'.</msg>
<status status="PASS" starttime="20221102 22:16:42.102" endtime="20221102 22:16:42.210"/>
</kw>
<kw name="Click Element" library="SeleniumLibrary">
<arg>${YEARS}</arg>
<doc>Click the element identified by ``locator``.</doc>
<msg timestamp="20221102 22:16:42.211" level="INFO">Clicking element 'id=years'.</msg>
<status status="PASS" starttime="20221102 22:16:42.210" endtime="20221102 22:16:42.503"/>
</kw>
<kw name="Wait Until Element Is Visible" library="SeleniumLibrary">
<arg>${YEARS_OPTION}</arg>
<doc>Waits until the element ``locator`` is visible.</doc>
<status status="PASS" starttime="20221102 22:16:42.503" endtime="20221102 22:16:42.526"/>
</kw>
<kw name="Select From List By Value" library="SeleniumLibrary">
<arg>${YEARS}</arg>
<arg>${BIRTH_YEAR}</arg>
<doc>Selects options from selection list ``locator`` by ``values``.</doc>
<msg timestamp="20221102 22:16:42.527" level="INFO">Selecting options from selection list 'id=years' by value 1980.</msg>
<status status="PASS" starttime="20221102 22:16:42.526" endtime="20221102 22:16:42.779"/>
</kw>
<kw name="List Selection Should Be" library="SeleniumLibrary">
<arg>${YEARS}</arg>
<arg>${BIRTH_YEAR}</arg>
<doc>Verifies selection list ``locator`` has ``expected`` options selected.</doc>
<msg timestamp="20221102 22:16:42.780" level="INFO">Verifying list 'id=years' has option [ 1980 ] selected.</msg>
<msg timestamp="20221102 22:16:42.788" level="INFO">Current page contains list 'id=years'.</msg>
<status status="PASS" starttime="20221102 22:16:42.779" endtime="20221102 22:16:43.332"/>
</kw>
<kw name="Input Text" library="SeleniumLibrary">
<arg>${INPUT_COMPANY}</arg>
<arg>${COMPANY}</arg>
<doc>Types the given ``text`` into the text field identified by ``locator``.</doc>
<msg timestamp="20221102 22:16:43.333" level="INFO">Typing text 'ACME' into text field 'id=company'.</msg>
<status status="PASS" starttime="20221102 22:16:43.332" endtime="20221102 22:16:43.367"/>
</kw>
<kw name="Input Text" library="SeleniumLibrary">
<arg>${INPUT_ADDRESS}</arg>
<arg>${ADDRESS_1}</arg>
<doc>Types the given ``text`` into the text field identified by ``locator``.</doc>
<msg timestamp="20221102 22:16:43.369" level="INFO">Typing text 'Sing Street 123' into text field 'id=address1'.</msg>
<status status="PASS" starttime="20221102 22:16:43.368" endtime="20221102 22:16:43.417"/>
</kw>
<kw name="Input Text" library="SeleniumLibrary">
<arg>${INPUT_ADDRESS2}</arg>
<arg>${ADDRESS_2}</arg>
<doc>Types the given ``text`` into the text field identified by ``locator``.</doc>
<msg timestamp="20221102 22:16:43.419" level="INFO">Typing text '2nd floor' into text field 'id=address2'.</msg>
<status status="PASS" starttime="20221102 22:16:43.418" endtime="20221102 22:16:43.459"/>
</kw>
<kw name="Input Text" library="SeleniumLibrary">
<arg>${INPUT_CITY}</arg>
<arg>${TOWN}</arg>
<doc>Types the given ``text`` into the text field identified by ``locator``.</doc>
<msg timestamp="20221102 22:16:43.460" level="INFO">Typing text 'Neverland' into text field 'id=city'.</msg>
<status status="PASS" starttime="20221102 22:16:43.459" endtime="20221102 22:16:43.498"/>
</kw>
<kw name="Click Element" library="SeleniumLibrary">
<arg>${STATE_LIST}</arg>
<doc>Click the element identified by ``locator``.</doc>
<msg timestamp="20221102 22:16:43.500" level="INFO">Clicking element 'id=id_state'.</msg>
<status status="PASS" starttime="20221102 22:16:43.499" endtime="20221102 22:16:43.789"/>
</kw>
<kw name="Wait Until Element Is Visible" library="SeleniumLibrary">
<arg>${STATE_OPTION}</arg>
<arg>${TIMEOUT}</arg>
<doc>Waits until the element ``locator`` is visible.</doc>
<status status="PASS" starttime="20221102 22:16:43.790" endtime="20221102 22:16:43.817"/>
</kw>
<kw name="Select From List By Value" library="SeleniumLibrary">
<arg>${STATE_LIST}</arg>
<arg>${STATE_VALUE}</arg>
<doc>Selects options from selection list ``locator`` by ``values``.</doc>
<msg timestamp="20221102 22:16:43.819" level="INFO">Selecting options from selection list 'id=id_state' by value 4.</msg>
<status status="PASS" starttime="20221102 22:16:43.817" endtime="20221102 22:16:44.070"/>
</kw>
<kw name="List Selection Should Be" library="SeleniumLibrary">
<arg>${STATE_LIST}</arg>
<arg>${STATE_VALUE}</arg>
<doc>Verifies selection list ``locator`` has ``expected`` options selected.</doc>
<msg timestamp="20221102 22:16:44.072" level="INFO">Verifying list 'id=id_state' has option [ 4 ] selected.</msg>
<msg timestamp="20221102 22:16:44.080" level="INFO">Current page contains list 'id=id_state'.</msg>
<status status="PASS" starttime="20221102 22:16:44.071" endtime="20221102 22:16:44.356"/>
</kw>
<kw name="Input Text" library="SeleniumLibrary">
<arg>${INPUT_POSTCODE}</arg>
<arg>${POSTCODE}</arg>
<doc>Types the given ``text`` into the text field identified by ``locator``.</doc>
<msg timestamp="20221102 22:16:44.357" level="INFO">Typing text '12345' into text field 'id=postcode'.</msg>
<status status="PASS" starttime="20221102 22:16:44.356" endtime="20221102 22:16:44.397"/>
</kw>
<kw name="Click Element" library="SeleniumLibrary">
<arg>${COUNTRY_LIST}</arg>
<doc>Click the element identified by ``locator``.</doc>
<msg timestamp="20221102 22:16:44.399" level="INFO">Clicking element 'id=id_country'.</msg>
<status status="PASS" starttime="20221102 22:16:44.398" endtime="20221102 22:16:44.657"/>
</kw>
<kw name="Wait Until Element Is Visible" library="SeleniumLibrary">
<arg>${COUNTRY_OPTION}</arg>
<doc>Waits until the element ``locator`` is visible.</doc>
<status status="PASS" starttime="20221102 22:16:44.657" endtime="20221102 22:16:44.679"/>
</kw>
<kw name="Select From List By Value" library="SeleniumLibrary">
<arg>${COUNTRY_LIST}</arg>
<arg>${COUNTRY_VALUE}</arg>
<doc>Selects options from selection list ``locator`` by ``values``.</doc>
<msg timestamp="20221102 22:16:44.681" level="INFO">Selecting options from selection list 'id=id_country' by value 21.</msg>
<status status="PASS" starttime="20221102 22:16:44.680" endtime="20221102 22:16:44.712"/>
</kw>
<kw name="List Selection Should Be" library="SeleniumLibrary">
<arg>${COUNTRY_LIST}</arg>
<arg>${COUNTRY_VALUE}</arg>
<doc>Verifies selection list ``locator`` has ``expected`` options selected.</doc>
<msg timestamp="20221102 22:16:44.713" level="INFO">Verifying list 'id=id_country' has option [ 21 ] selected.</msg>
<msg timestamp="20221102 22:16:44.721" level="INFO">Current page contains list 'id=id_country'.</msg>
<status status="PASS" starttime="20221102 22:16:44.712" endtime="20221102 22:16:44.775"/>
</kw>
<kw name="Input Text" library="SeleniumLibrary">
<arg>${INPUT_OTHER}</arg>
<arg>${OTHER}</arg>
<doc>Types the given ``text`` into the text field identified by ``locator``.</doc>
<msg timestamp="20221102 22:16:44.776" level="INFO">Typing text 'Other info' into text field 'id=other'.</msg>
<status status="PASS" starttime="20221102 22:16:44.775" endtime="20221102 22:16:44.834"/>
</kw>
<kw name="Input Text" library="SeleniumLibrary">
<arg>${INPUT_PHONE}</arg>
<arg>${PHONE}</arg>
<doc>Types the given ``text`` into the text field identified by ``locator``.</doc>
<msg timestamp="20221102 22:16:44.837" level="INFO">Typing text '123456789' into text field 'id=phone'.</msg>
<status status="PASS" starttime="20221102 22:16:44.835" endtime="20221102 22:16:44.926"/>
</kw>
<kw name="Input Text" library="SeleniumLibrary">
<arg>${INPUT_PHONE_MOBILE}</arg>
<arg>${CELLPHONE}</arg>
<doc>Types the given ``text`` into the text field identified by ``locator``.</doc>
<msg timestamp="20221102 22:16:44.927" level="INFO">Typing text '987654321' into text field 'id=phone_mobile'.</msg>
<status status="PASS" starttime="20221102 22:16:44.926" endtime="20221102 22:16:44.973"/>
</kw>
<kw name="Input Text" library="SeleniumLibrary">
<arg>${INPUT_ALIAS}</arg>
<arg>${ALIAS}</arg>
<doc>Types the given ``text`` into the text field identified by ``locator``.</doc>
<msg timestamp="20221102 22:16:44.975" level="INFO">Typing text 'Home' into text field 'id=alias'.</msg>
<status status="PASS" starttime="20221102 22:16:44.974" endtime="20221102 22:16:45.019"/>
</kw>
<kw name="Click Button" library="SeleniumLibrary">
<arg>${SUBMIT_ACCOUNT}</arg>
<doc>Clicks the button identified by ``locator``.</doc>
<msg timestamp="20221102 22:16:45.021" level="INFO">Clicking button 'id=submitAccount'.</msg>
<status status="PASS" starttime="20221102 22:16:45.020" endtime="20221102 22:16:47.717"/>
</kw>
<kw name="Wait Until Element Is Visible" library="SeleniumLibrary">
<arg>${PROCESS_ADDRESS}</arg>
<arg>${TIMEOUT}</arg>
<doc>Waits until the element ``locator`` is visible.</doc>
<status status="PASS" starttime="20221102 22:16:47.717" endtime="20221102 22:16:47.755"/>
</kw>
<status status="PASS" starttime="20221102 22:16:26.220" endtime="20221102 22:16:47.755"/>
</kw>
<kw name="When I decide the shipping address" library="keywords">
<kw name="Click Button" library="SeleniumLibrary">
<arg>${PROCESS_ADDRESS}</arg>
<doc>Clicks the button identified by ``locator``.</doc>
<msg timestamp="20221102 22:16:47.758" level="INFO">Clicking button 'xpath=//button[@name='processAddress']'.</msg>
<status status="PASS" starttime="20221102 22:16:47.757" endtime="20221102 22:16:49.030"/>
</kw>
<status status="PASS" starttime="20221102 22:16:47.756" endtime="20221102 22:16:49.031"/>
</kw>
<kw name="Then the next page should ask to accept terms of service" library="keywords">
<kw name="Wait Until Page Contains Element" library="SeleniumLibrary">
<arg>${CHECKBOX_TERMS}</arg>
<arg>${TIMEOUT}</arg>
<doc>Waits until the element ``locator`` appears on the current page.</doc>
<status status="PASS" starttime="20221102 22:16:49.031" endtime="20221102 22:16:49.059"/>
</kw>
<status status="PASS" starttime="20221102 22:16:49.031" endtime="20221102 22:16:49.059"/>
</kw>
<kw name="Close Browser" library="SeleniumLibrary" type="TEARDOWN">
<doc>Closes the current browser.</doc>
<status status="PASS" starttime="20221102 22:16:49.060" endtime="20221102 22:16:50.049"/>
</kw>
<tag>Address</tag>
<tag>All</tag>
<status status="PASS" starttime="20221102 22:16:16.264" endtime="20221102 22:16:50.049"/>
</test>
<test id="s1-s1-t8" name="Test Case 08: Terms of Service" line="67">
<kw name="Open Browser" library="SeleniumLibrary" type="SETUP">
<arg>${URL}</arg>
<arg>${BROWSER}</arg>
<doc>Opens a new browser instance to the optional ``url``.</doc>
<msg timestamp="20221102 22:16:50.052" level="INFO">Opening browser 'firefox' to base url 'http://automationpractice.com/index.php'.</msg>
<msg timestamp="20221102 22:16:50.053" level="INFO">Firefox driver log is always forced to to: /home/vinni/automation_tests_practice/reports/geckodriver-8.log</msg>
<status status="PASS" starttime="20221102 22:16:50.051" endtime="20221102 22:16:58.449"/>
</kw>
<kw name="Log To Console" library="BuiltIn">
<arg>tags: Terms, All</arg>
<doc>Logs the given message to the console.</doc>
<status status="PASS" starttime="20221102 22:16:58.449" endtime="20221102 22:16:58.450"/>
</kw>
<kw name="Given that I decided the shipping address" library="keywords">
<kw name="Input Text" library="SeleniumLibrary">
<arg>${SEARCH_BOX}</arg>
<arg>${PRODUCT}</arg>
<doc>Types the given ``text`` into the text field identified by ``locator``.</doc>
<msg timestamp="20221102 22:16:58.452" level="INFO">Typing text 'Dress' into text field 'id=search_query_top'.</msg>
<status status="PASS" starttime="20221102 22:16:58.451" endtime="20221102 22:16:58.555"/>
</kw>
<kw name="Click Button" library="SeleniumLibrary">
<arg>${SEARCH_BUTTON}</arg>
<doc>Clicks the button identified by ``locator``.</doc>
<msg timestamp="20221102 22:16:58.557" level="INFO">Clicking button 'name=submit_search'.</msg>
<status status="PASS" starttime="20221102 22:16:58.555" endtime="20221102 22:17:00.005"/>
</kw>
<kw name="Wait Until Element Is Visible" library="SeleniumLibrary">
<arg>${SHOWCASE}</arg>
<arg>${TIMEOUT}</arg>
<doc>Waits until the element ``locator`` is visible.</doc>
<status status="PASS" starttime="20221102 22:17:00.006" endtime="20221102 22:17:00.053"/>
</kw>
<kw name="Scroll Element Into View" library="SeleniumLibrary">
<arg>${SHOWCASE}</arg>
<doc>Scrolls the element identified by ``locator`` into view.</doc>
<status status="PASS" starttime="20221102 22:17:00.053" endtime="20221102 22:17:00.365"/>
</kw>
<kw name="Mouse Over" library="SeleniumLibrary">
<arg>${PRODUCT_NAME}</arg>
<doc>Simulates hovering the mouse over the element ``locator``.</doc>
<msg timestamp="20221102 22:17:00.367" level="INFO">Simulating Mouse Over on element 'xpath=//a[@title='Printed Dress']'.</msg>
<status status="PASS" starttime="20221102 22:17:00.366" endtime="20221102 22:17:00.651"/>
</kw>
<kw name="Wait Until Element Is Visible" library="SeleniumLibrary">
<arg>${ADD_TO_CART}</arg>
<arg>${TIMEOUT}</arg>
<doc>Waits until the element ``locator`` is visible.</doc>
<status status="PASS" starttime="20221102 22:17:00.652" endtime="20221102 22:17:00.681"/>
</kw>
<kw name="Click Element" library="SeleniumLibrary">
<arg>${ADD_TO_CART}</arg>
<doc>Click the element identified by ``locator``.</doc>
<msg timestamp="20221102 22:17:00.682" level="INFO">Clicking element 'xpath=//a[@title='Add to cart' and @data-id-product='4']'.</msg>
<status status="PASS" starttime="20221102 22:17:00.681" endtime="20221102 22:17:00.924"/>
</kw>
<kw name="Wait Until Element Is Visible" library="SeleniumLibrary">
<arg>${CHECKOUT}</arg>
<arg>${TIMEOUT}</arg>
<doc>Waits until the element ``locator`` is visible.</doc>
<status status="PASS" starttime="20221102 22:17:00.924" endtime="20221102 22:17:02.080"/>
</kw>
<kw name="Click Element" library="SeleniumLibrary">
<arg>${CHECKOUT}</arg>
<doc>Click the element identified by ``locator``.</doc>
<msg timestamp="20221102 22:17:02.082" level="INFO">Clicking element 'xpath=//a[@title='Proceed to checkout']'.</msg>
<status status="PASS" starttime="20221102 22:17:02.080" endtime="20221102 22:17:04.059"/>
</kw>
<kw name="Page Should Contain" library="SeleniumLibrary">
<arg>${PRICE}</arg>
<doc>Verifies that current page contains ``text``.</doc>
<msg timestamp="20221102 22:17:04.095" level="INFO">Current page contains text '$'.</msg>
<status status="PASS" starttime="20221102 22:17:04.059" endtime="20221102 22:17:04.095"/>
</kw>
<kw name="Wait Until Element Is Visible" library="SeleniumLibrary">
<arg>${CHECKOUT_HREF}</arg>
<arg>${TIMEOUT}</arg>
<doc>Waits until the element ``locator`` is visible.</doc>
<status status="PASS" starttime="20221102 22:17:04.096" endtime="20221102 22:17:04.130"/>
</kw>
<kw name="Click Element" library="SeleniumLibrary">
<arg>${CHECKOUT_HREF}</arg>
<doc>Click the element identified by ``locator``.</doc>
<msg timestamp="20221102 22:17:04.132" level="INFO">Clicking element 'xpath=//a[@href='http://automationpractice.com/index.php?controller=order&amp;step=1']'.</msg>
<status status="PASS" starttime="20221102 22:17:04.131" endtime="20221102 22:17:07.165"/>
</kw>
<kw name="Wait Until Element Is Visible" library="SeleniumLibrary">
<arg>${EMAIL_CREATE}</arg>
<arg>${TIMEOUT}</arg>
<doc>Waits until the element ``locator`` is visible.</doc>
<status status="PASS" starttime="20221102 22:17:07.166" endtime="20221102 22:17:07.213"/>
</kw>
<kw name="Generate Random String" library="String">
<var>${email}</var>
<arg>10</arg>
<arg>abcdefghijklmnopqrstuvwxyzABCDEFGHIJKLMNOPQRSTUVWXYZ0123456789</arg>
<doc>Generates a string with a desired ``length`` from the given ``chars``.</doc>
<msg timestamp="20221102 22:17:07.215" level="INFO">${email} = bHD4W1Wi0F</msg>
<status status="PASS" starttime="20221102 22:17:07.214" endtime="20221102 22:17:07.215"/>
</kw>
<kw name="Input Text" library="SeleniumLibrary">
<arg>${EMAIL_CREATE}</arg>
<arg>${email}@email.com</arg>
<doc>Types the given ``text`` into the text field identified by ``locator``.</doc>
<msg timestamp="20221102 22:17:07.218" level="INFO">Typing text 'bHD4W1Wi0F@email.com' into text field 'xpath=//input[@id='email_create']'.</msg>
<status status="PASS" starttime="20221102 22:17:07.216" endtime="20221102 22:17:07.304"/>
</kw>
<kw name="Click Button" library="SeleniumLibrary">
<arg>${EMAIL_CREATE_BUTTON}</arg>
<doc>Clicks the button identified by ``locator``.</doc>
<msg timestamp="20221102 22:17:07.305" level="INFO">Clicking button 'id=SubmitCreate'.</msg>
<status status="PASS" starttime="20221102 22:17:07.304" endtime="20221102 22:17:07.626"/>
</kw>
<kw name="Wait Until Element Is Visible" library="SeleniumLibrary">
<arg>${GENDER}</arg>
<arg>${TIMEOUT}</arg>
<doc>Waits until the element ``locator`` is visible.</doc>
<status status="PASS" starttime="20221102 22:17:07.626" endtime="20221102 22:17:09.106"/>
</kw>
<kw name="Click Element" library="SeleniumLibrary">
<arg>${GENDER}</arg>
<doc>Click the element identified by ``locator``.</doc>
<msg timestamp="20221102 22:17:09.108" level="INFO">Clicking element 'id=id_gender1'.</msg>
<status status="PASS" starttime="20221102 22:17:09.106" endtime="20221102 22:17:09.341"/>
</kw>
<kw name="Input Text" library="SeleniumLibrary">
<arg>${INPUT_FIRSTNAME}</arg>
<arg>${FIRSTNAME}</arg>
<doc>Types the given ``text`` into the text field identified by ``locator``.</doc>
<msg timestamp="20221102 22:17:09.343" level="INFO">Typing text 'Eduardo' into text field 'id=customer_firstname'.</msg>
<status status="PASS" starttime="20221102 22:17:09.342" endtime="20221102 22:17:09.405"/>
</kw>
<kw name="Input Text" library="SeleniumLibrary">
<arg>${INPUT_LASTNAME}</arg>
<arg>${LASTNAME}</arg>
<doc>Types the given ``text`` into the text field identified by ``locator``.</doc>
<msg timestamp="20221102 22:17:09.407" level="INFO">Typing text 'Alvarez' into text field 'id=customer_lastname'.</msg>
<status status="PASS" starttime="20221102 22:17:09.406" endtime="20221102 22:17:09.456"/>
</kw>
<kw name="Input Text" library="SeleniumLibrary">
<arg>${INPUT_PSWRD}</arg>
<arg>${PASSWORD}</arg>
<doc>Types the given ``text`` into the text field identified by ``locator``.</doc>
<msg timestamp="20221102 22:17:09.457" level="INFO">Typing text '123456' into text field 'id=passwd'.</msg>
<status status="PASS" starttime="20221102 22:17:09.456" endtime="20221102 22:17:09.588"/>
</kw>
<kw name="Click Element" library="SeleniumLibrary">
<arg>${DAYS}</arg>
<doc>Click the element identified by ``locator``.</doc>
<msg timestamp="20221102 22:17:09.589" level="INFO">Clicking element 'id=days'.</msg>
<status status="PASS" starttime="20221102 22:17:09.588" endtime="20221102 22:17:09.956"/>
</kw>
<kw name="Wait Until Element Is Visible" library="SeleniumLibrary">
<arg>${DAYS_OPTION}</arg>
<doc>Waits until the element ``locator`` is visible.</doc>
<status status="PASS" starttime="20221102 22:17:09.956" endtime="20221102 22:17:09.988"/>
</kw>
<kw name="Select From List By Value" library="SeleniumLibrary">
<arg>${DAYS}</arg>
<arg>${BIRTH_DAY}</arg>
<doc>Selects options from selection list ``locator`` by ``values``.</doc>
<msg timestamp="20221102 22:17:09.990" level="INFO">Selecting options from selection list 'id=days' by value 14.</msg>
<status status="PASS" starttime="20221102 22:17:09.988" endtime="20221102 22:17:10.264"/>
</kw>
<kw name="List Selection Should Be" library="SeleniumLibrary">
<arg>${DAYS}</arg>
<arg>${BIRTH_DAY}</arg>
<doc>Verifies selection list ``locator`` has ``expected`` options selected.</doc>
<msg timestamp="20221102 22:17:10.265" level="INFO">Verifying list 'id=days' has option [ 14 ] selected.</msg>
<msg timestamp="20221102 22:17:10.273" level="INFO">Current page contains list 'id=days'.</msg>
<status status="PASS" starttime="20221102 22:17:10.264" endtime="20221102 22:17:10.461"/>
</kw>
<kw name="Click Element" library="SeleniumLibrary">
<arg>${MONTHS}</arg>
<doc>Click the element identified by ``locator``.</doc>
<msg timestamp="20221102 22:17:10.462" level="INFO">Clicking element 'id=months'.</msg>
<status status="PASS" starttime="20221102 22:17:10.461" endtime="20221102 22:17:10.723"/>
</kw>
<kw name="Wait Until Element Is Visible" library="SeleniumLibrary">
<arg>${MONTHS_OPTION}</arg>
<doc>Waits until the element ``locator`` is visible.</doc>
<status status="PASS" starttime="20221102 22:17:10.723" endtime="20221102 22:17:10.746"/>
</kw>
<kw name="Select From List By Value" library="SeleniumLibrary">
<arg>${MONTHS}</arg>
<arg>${BIRTH_MONTH}</arg>
<doc>Selects options from selection list ``locator`` by ``values``.</doc>
<msg timestamp="20221102 22:17:10.747" level="INFO">Selecting options from selection list 'id=months' by value 10.</msg>
<status status="PASS" starttime="20221102 22:17:10.747" endtime="20221102 22:17:11.002"/>
</kw>
<kw name="List Selection Should Be" library="SeleniumLibrary">
<arg>${MONTHS}</arg>
<arg>${BIRTH_MONTH}</arg>
<doc>Verifies selection list ``locator`` has ``expected`` options selected.</doc>
<msg timestamp="20221102 22:17:11.003" level="INFO">Verifying list 'id=months' has option [ 10 ] selected.</msg>
<msg timestamp="20221102 22:17:11.017" level="INFO">Current page contains list 'id=months'.</msg>
<status status="PASS" starttime="20221102 22:17:11.002" endtime="20221102 22:17:11.135"/>
</kw>
<kw name="Click Element" library="SeleniumLibrary">
<arg>${YEARS}</arg>
<doc>Click the element identified by ``locator``.</doc>
<msg timestamp="20221102 22:17:11.136" level="INFO">Clicking element 'id=years'.</msg>
<status status="PASS" starttime="20221102 22:17:11.135" endtime="20221102 22:17:11.423"/>
</kw>
<kw name="Wait Until Element Is Visible" library="SeleniumLibrary">
<arg>${YEARS_OPTION}</arg>
<doc>Waits until the element ``locator`` is visible.</doc>
<status status="PASS" starttime="20221102 22:17:11.423" endtime="20221102 22:17:11.446"/>
</kw>
<kw name="Select From List By Value" library="SeleniumLibrary">
<arg>${YEARS}</arg>
<arg>${BIRTH_YEAR}</arg>
<doc>Selects options from selection list ``locator`` by ``values``.</doc>
<msg timestamp="20221102 22:17:11.447" level="INFO">Selecting options from selection list 'id=years' by value 1980.</msg>
<status status="PASS" starttime="20221102 22:17:11.446" endtime="20221102 22:17:11.698"/>
</kw>
<kw name="List Selection Should Be" library="SeleniumLibrary">
<arg>${YEARS}</arg>
<arg>${BIRTH_YEAR}</arg>
<doc>Verifies selection list ``locator`` has ``expected`` options selected.</doc>
<msg timestamp="20221102 22:17:11.699" level="INFO">Verifying list 'id=years' has option [ 1980 ] selected.</msg>
<msg timestamp="20221102 22:17:11.707" level="INFO">Current page contains list 'id=years'.</msg>
<status status="PASS" starttime="20221102 22:17:11.698" endtime="20221102 22:17:12.260"/>
</kw>
<kw name="Input Text" library="SeleniumLibrary">
<arg>${INPUT_COMPANY}</arg>
<arg>${COMPANY}</arg>
<doc>Types the given ``text`` into the text field identified by ``locator``.</doc>
<msg timestamp="20221102 22:17:12.261" level="INFO">Typing text 'ACME' into text field 'id=company'.</msg>
<status status="PASS" starttime="20221102 22:17:12.260" endtime="20221102 22:17:12.295"/>
</kw>
<kw name="Input Text" library="SeleniumLibrary">
<arg>${INPUT_ADDRESS}</arg>
<arg>${ADDRESS_1}</arg>
<doc>Types the given ``text`` into the text field identified by ``locator``.</doc>
<msg timestamp="20221102 22:17:12.297" level="INFO">Typing text 'Sing Street 123' into text field 'id=address1'.</msg>
<status status="PASS" starttime="20221102 22:17:12.295" endtime="20221102 22:17:12.341"/>
</kw>
<kw name="Input Text" library="SeleniumLibrary">
<arg>${INPUT_ADDRESS2}</arg>
<arg>${ADDRESS_2}</arg>
<doc>Types the given ``text`` into the text field identified by ``locator``.</doc>
<msg timestamp="20221102 22:17:12.343" level="INFO">Typing text '2nd floor' into text field 'id=address2'.</msg>
<status status="PASS" starttime="20221102 22:17:12.342" endtime="20221102 22:17:12.380"/>
</kw>
<kw name="Input Text" library="SeleniumLibrary">
<arg>${INPUT_CITY}</arg>
<arg>${TOWN}</arg>
<doc>Types the given ``text`` into the text field identified by ``locator``.</doc>
<msg timestamp="20221102 22:17:12.382" level="INFO">Typing text 'Neverland' into text field 'id=city'.</msg>
<status status="PASS" starttime="20221102 22:17:12.381" endtime="20221102 22:17:12.419"/>
</kw>
<kw name="Click Element" library="SeleniumLibrary">
<arg>${STATE_LIST}</arg>
<doc>Click the element identified by ``locator``.</doc>
<msg timestamp="20221102 22:17:12.421" level="INFO">Clicking element 'id=id_state'.</msg>
<status status="PASS" starttime="20221102 22:17:12.419" endtime="20221102 22:17:12.709"/>
</kw>
<kw name="Wait Until Element Is Visible" library="SeleniumLibrary">
<arg>${STATE_OPTION}</arg>
<arg>${TIMEOUT}</arg>
<doc>Waits until the element ``locator`` is visible.</doc>
<status status="PASS" starttime="20221102 22:17:12.709" endtime="20221102 22:17:12.732"/>
</kw>
<kw name="Select From List By Value" library="SeleniumLibrary">
<arg>${STATE_LIST}</arg>
<arg>${STATE_VALUE}</arg>
<doc>Selects options from selection list ``locator`` by ``values``.</doc>
<msg timestamp="20221102 22:17:12.733" level="INFO">Selecting options from selection list 'id=id_state' by value 4.</msg>
<status status="PASS" starttime="20221102 22:17:12.732" endtime="20221102 22:17:12.979"/>
</kw>
<kw name="List Selection Should Be" library="SeleniumLibrary">
<arg>${STATE_LIST}</arg>
<arg>${STATE_VALUE}</arg>
<doc>Verifies selection list ``locator`` has ``expected`` options selected.</doc>
<msg timestamp="20221102 22:17:12.981" level="INFO">Verifying list 'id=id_state' has option [ 4 ] selected.</msg>
<msg timestamp="20221102 22:17:12.988" level="INFO">Current page contains list 'id=id_state'.</msg>
<status status="PASS" starttime="20221102 22:17:12.980" endtime="20221102 22:17:13.251"/>
</kw>
<kw name="Input Text" library="SeleniumLibrary">
<arg>${INPUT_POSTCODE}</arg>
<arg>${POSTCODE}</arg>
<doc>Types the given ``text`` into the text field identified by ``locator``.</doc>
<msg timestamp="20221102 22:17:13.253" level="INFO">Typing text '12345' into text field 'id=postcode'.</msg>
<status status="PASS" starttime="20221102 22:17:13.252" endtime="20221102 22:17:13.286"/>
</kw>
<kw name="Click Element" library="SeleniumLibrary">
<arg>${COUNTRY_LIST}</arg>
<doc>Click the element identified by ``locator``.</doc>
<msg timestamp="20221102 22:17:13.288" level="INFO">Clicking element 'id=id_country'.</msg>
<status status="PASS" starttime="20221102 22:17:13.287" endtime="20221102 22:17:13.541"/>
</kw>
<kw name="Wait Until Element Is Visible" library="SeleniumLibrary">
<arg>${COUNTRY_OPTION}</arg>
<doc>Waits until the element ``locator`` is visible.</doc>
[...]
</kw>
<kw name="Click Element" library="SeleniumLibrary">
<arg>${CHECKOUT_HREF}</arg>
<doc>Click the element identified by ``locator``.</doc>
<msg timestamp="20221102 22:17:32.088" level="INFO">Clicking element 'xpath=//a[@href='http://automationpractice.com/index.php?controller=order&amp;step=1']'.</msg>
<status status="PASS" starttime="20221102 22:17:32.086" endtime="20221102 22:17:34.282"/>
</kw>
<kw name="Wait Until Element Is Visible" library="SeleniumLibrary">
<arg>${EMAIL_CREATE}</arg>
<arg>${TIMEOUT}</arg>
<doc>Waits until the element ``locator`` is visible.</doc>
<status status="PASS" starttime="20221102 22:17:34.282" endtime="20221102 22:17:34.331"/>
</kw>
<kw name="Generate Random String" library="String">
<var>${email}</var>
<arg>10</arg>
<arg>abcdefghijklmnopqrstuvwxyzABCDEFGHIJKLMNOPQRSTUVWXYZ0123456789</arg>
<doc>Generates a string with a desired ``length`` from the given ``chars``.</doc>
<msg timestamp="20221102 22:17:34.332" level="INFO">${email} = PDzhHMxn0T</msg>
<status status="PASS" starttime="20221102 22:17:34.332" endtime="20221102 22:17:34.332"/>
</kw>
<kw name="Input Text" library="SeleniumLibrary">
<arg>${EMAIL_CREATE}</arg>
<arg>${email}@email.com</arg>
<doc>Types the given ``text`` into the text field identified by ``locator``.</doc>
<msg timestamp="20221102 22:17:34.335" level="INFO">Typing text 'PDzhHMxn0T@email.com' into text field 'xpath=//input[@id='email_create']'.</msg>
<status status="PASS" starttime="20221102 22:17:34.333" endtime="20221102 22:17:34.427"/>
</kw>
<kw name="Click Button" library="SeleniumLibrary">
<arg>${EMAIL_CREATE_BUTTON}</arg>
<doc>Clicks the button identified by ``locator``.</doc>
<msg timestamp="20221102 22:17:34.429" level="INFO">Clicking button 'id=SubmitCreate'.</msg>
<status status="PASS" starttime="20221102 22:17:34.427" endtime="20221102 22:17:34.816"/>
</kw>
<kw name="Wait Until Element Is Visible" library="SeleniumLibrary">
<arg>${GENDER}</arg>
<arg>${TIMEOUT}</arg>
<doc>Waits until the element ``locator`` is visible.</doc>
<status status="PASS" starttime="20221102 22:17:34.816" endtime="20221102 22:17:36.899"/>
</kw>
<kw name="Click Element" library="SeleniumLibrary">
<arg>${GENDER}</arg>
<doc>Click the element identified by ``locator``.</doc>
<msg timestamp="20221102 22:17:36.901" level="INFO">Clicking element 'id=id_gender1'.</msg>
<status status="PASS" starttime="20221102 22:17:36.900" endtime="20221102 22:17:37.136"/>
</kw>
<kw name="Input Text" library="SeleniumLibrary">
<arg>${INPUT_FIRSTNAME}</arg>
<arg>${FIRSTNAME}</arg>
<doc>Types the given ``text`` into the text field identified by ``locator``.</doc>
<msg timestamp="20221102 22:17:37.138" level="INFO">Typing text 'Eduardo' into text field 'id=customer_firstname'.</msg>
<status status="PASS" starttime="20221102 22:17:37.137" endtime="20221102 22:17:37.190"/>
</kw>
<kw name="Input Text" library="SeleniumLibrary">
<arg>${INPUT_LASTNAME}</arg>
<arg>${LASTNAME}</arg>
<doc>Types the given ``text`` into the text field identified by ``locator``.</doc>
<msg timestamp="20221102 22:17:37.192" level="INFO">Typing text 'Alvarez' into text field 'id=customer_lastname'.</msg>
<status status="PASS" starttime="20221102 22:17:37.190" endtime="20221102 22:17:37.242"/>
</kw>
<kw name="Input Text" library="SeleniumLibrary">
<arg>${INPUT_PSWRD}</arg>
<arg>${PASSWORD}</arg>
<doc>Types the given ``text`` into the text field identified by ``locator``.</doc>
<msg timestamp="20221102 22:17:37.244" level="INFO">Typing text '123456' into text field 'id=passwd'.</msg>
<status status="PASS" starttime="20221102 22:17:37.243" endtime="20221102 22:17:37.374"/>
</kw>
<kw name="Click Element" library="SeleniumLibrary">
<arg>${DAYS}</arg>
<doc>Click the element identified by ``locator``.</doc>
<msg timestamp="20221102 22:17:37.376" level="INFO">Clicking element 'id=days'.</msg>
<status status="PASS" starttime="20221102 22:17:37.374" endtime="20221102 22:17:37.744"/>
</kw>
<kw name="Wait Until Element Is Visible" library="SeleniumLibrary">
<arg>${DAYS_OPTION}</arg>
<doc>Waits until the element ``locator`` is visible.</doc>
<status status="PASS" starttime="20221102 22:17:37.744" endtime="20221102 22:17:37.772"/>
</kw>
<kw name="Select From List By Value" library="SeleniumLibrary">
<arg>${DAYS}</arg>
<arg>${BIRTH_DAY}</arg>
<doc>Selects options from selection list ``locator`` by ``values``.</doc>
<msg timestamp="20221102 22:17:37.774" level="INFO">Selecting options from selection list 'id=days' by value 14.</msg>
<status status="PASS" starttime="20221102 22:17:37.773" endtime="20221102 22:17:38.052"/>
</kw>
<kw name="List Selection Should Be" library="SeleniumLibrary">
<arg>${DAYS}</arg>
<arg>${BIRTH_DAY}</arg>
<doc>Verifies selection list ``locator`` has ``expected`` options selected.</doc>
<msg timestamp="20221102 22:17:38.053" level="INFO">Verifying list 'id=days' has option [ 14 ] selected.</msg>
<msg timestamp="20221102 22:17:38.065" level="INFO">Current page contains list 'id=days'.</msg>
<status status="PASS" starttime="20221102 22:17:38.052" endtime="20221102 22:17:38.251"/>
</kw>
<kw name="Click Element" library="SeleniumLibrary">
<arg>${MONTHS}</arg>
<doc>Click the element identified by ``locator``.</doc>
<msg timestamp="20221102 22:17:38.253" level="INFO">Clicking element 'id=months'.</msg>
<status status="PASS" starttime="20221102 22:17:38.252" endtime="20221102 22:17:38.508"/>
</kw>
<kw name="Wait Until Element Is Visible" library="SeleniumLibrary">
<arg>${MONTHS_OPTION}</arg>
<doc>Waits until the element ``locator`` is visible.</doc>
<status status="PASS" starttime="20221102 22:17:38.508" endtime="20221102 22:17:38.531"/>
</kw>
<kw name="Select From List By Value" library="SeleniumLibrary">
<arg>${MONTHS}</arg>
<arg>${BIRTH_MONTH}</arg>
<doc>Selects options from selection list ``locator`` by ``values``.</doc>
<msg timestamp="20221102 22:17:38.532" level="INFO">Selecting options from selection list 'id=months' by value 10.</msg>
<status status="PASS" starttime="20221102 22:17:38.531" endtime="20221102 22:17:38.794"/>
</kw>
<kw name="List Selection Should Be" library="SeleniumLibrary">
<arg>${MONTHS}</arg>
<arg>${BIRTH_MONTH}</arg>
<doc>Verifies selection list ``locator`` has ``expected`` options selected.</doc>
<msg timestamp="20221102 22:17:38.795" level="INFO">Verifying list 'id=months' has option [ 10 ] selected.</msg>
<msg timestamp="20221102 22:17:38.806" level="INFO">Current page contains list 'id=months'.</msg>
<status status="PASS" starttime="20221102 22:17:38.794" endtime="20221102 22:17:38.914"/>
</kw>
<kw name="Click Element" library="SeleniumLibrary">
<arg>${YEARS}</arg>
<doc>Click the element identified by ``locator``.</doc>
<msg timestamp="20221102 22:17:38.915" level="INFO">Clicking element 'id=years'.</msg>
<status status="PASS" starttime="20221102 22:17:38.914" endtime="20221102 22:17:39.218"/>
</kw>
<kw name="Wait Until Element Is Visible" library="SeleniumLibrary">
<arg>${YEARS_OPTION}</arg>
<doc>Waits until the element ``locator`` is visible.</doc>
<status status="PASS" starttime="20221102 22:17:39.218" endtime="20221102 22:17:39.242"/>
</kw>
<kw name="Select From List By Value" library="SeleniumLibrary">
<arg>${YEARS}</arg>
<arg>${BIRTH_YEAR}</arg>
<doc>Selects options from selection list ``locator`` by ``values``.</doc>
<msg timestamp="20221102 22:17:39.243" level="INFO">Selecting options from selection list 'id=years' by value 1980.</msg>
<status status="PASS" starttime="20221102 22:17:39.242" endtime="20221102 22:17:39.494"/>
</kw>
<kw name="List Selection Should Be" library="SeleniumLibrary">
<arg>${YEARS}</arg>
<arg>${BIRTH_YEAR}</arg>
<doc>Verifies selection list ``locator`` has ``expected`` options selected.</doc>
<msg timestamp="20221102 22:17:39.496" level="INFO">Verifying list 'id=years' has option [ 1980 ] selected.</msg>
<msg timestamp="20221102 22:17:39.503" level="INFO">Current page contains list 'id=years'.</msg>
<status status="PASS" starttime="20221102 22:17:39.495" endtime="20221102 22:17:40.066"/>
</kw>
<kw name="Input Text" library="SeleniumLibrary">
<arg>${INPUT_COMPANY}</arg>
<arg>${COMPANY}</arg>
<doc>Types the given ``text`` into the text field identified by ``locator``.</doc>
<msg timestamp="20221102 22:17:40.068" level="INFO">Typing text 'ACME' into text field 'id=company'.</msg>
<status status="PASS" starttime="20221102 22:17:40.067" endtime="20221102 22:17:40.106"/>
</kw>
<kw name="Input Text" library="SeleniumLibrary">
<arg>${INPUT_ADDRESS}</arg>
<arg>${ADDRESS_1}</arg>
<doc>Types the given ``text`` into the text field identified by ``locator``.</doc>
<msg timestamp="20221102 22:17:40.108" level="INFO">Typing text 'Sing Street 123' into text field 'id=address1'.</msg>
<status status="PASS" starttime="20221102 22:17:40.107" endtime="20221102 22:17:40.160"/>
</kw>
<kw name="Input Text" library="SeleniumLibrary">
<arg>${INPUT_ADDRESS2}</arg>
<arg>${ADDRESS_2}</arg>
<doc>Types the given ``text`` into the text field identified by ``locator``.</doc>
<msg timestamp="20221102 22:17:40.162" level="INFO">Typing text '2nd floor' into text field 'id=address2'.</msg>
<status status="PASS" starttime="20221102 22:17:40.161" endtime="20221102 22:17:40.199"/>
</kw>
<kw name="Input Text" library="SeleniumLibrary">
<arg>${INPUT_CITY}</arg>
<arg>${TOWN}</arg>
<doc>Types the given ``text`` into the text field identified by ``locator``.</doc>
<msg timestamp="20221102 22:17:40.201" level="INFO">Typing text 'Neverland' into text field 'id=city'.</msg>
<status status="PASS" starttime="20221102 22:17:40.200" endtime="20221102 22:17:40.240"/>
</kw>
<kw name="Click Element" library="SeleniumLibrary">
<arg>${STATE_LIST}</arg>
<doc>Click the element identified by ``locator``.</doc>
<msg timestamp="20221102 22:17:40.242" level="INFO">Clicking element 'id=id_state'.</msg>
<status status="PASS" starttime="20221102 22:17:40.241" endtime="20221102 22:17:40.525"/>
</kw>
<kw name="Wait Until Element Is Visible" library="SeleniumLibrary">
<arg>${STATE_OPTION}</arg>
<arg>${TIMEOUT}</arg>
<doc>Waits until the element ``locator`` is visible.</doc>
<status status="PASS" starttime="20221102 22:17:40.525" endtime="20221102 22:17:40.548"/>
</kw>
<kw name="Select From List By Value" library="SeleniumLibrary">
<arg>${STATE_LIST}</arg>
<arg>${STATE_VALUE}</arg>
<doc>Selects options from selection list ``locator`` by ``values``.</doc>
<msg timestamp="20221102 22:17:40.550" level="INFO">Selecting options from selection list 'id=id_state' by value 4.</msg>
<status status="PASS" starttime="20221102 22:17:40.549" endtime="20221102 22:17:40.797"/>
</kw>
<kw name="List Selection Should Be" library="SeleniumLibrary">
<arg>${STATE_LIST}</arg>
<arg>${STATE_VALUE}</arg>
<doc>Verifies selection list ``locator`` has ``expected`` options selected.</doc>
<msg timestamp="20221102 22:17:40.799" level="INFO">Verifying list 'id=id_state' has option [ 4 ] selected.</msg>
<msg timestamp="20221102 22:17:40.806" level="INFO">Current page contains list 'id=id_state'.</msg>
<status status="PASS" starttime="20221102 22:17:40.798" endtime="20221102 22:17:41.058"/>
</kw>
<kw name="Input Text" library="SeleniumLibrary">
<arg>${INPUT_POSTCODE}</arg>
<arg>${POSTCODE}</arg>
<doc>Types the given ``text`` into the text field identified by ``locator``.</doc>
<msg timestamp="20221102 22:17:41.059" level="INFO">Typing text '12345' into text field 'id=postcode'.</msg>
<status status="PASS" starttime="20221102 22:17:41.058" endtime="20221102 22:17:41.094"/>
</kw>
<kw name="Click Element" library="SeleniumLibrary">
<arg>${COUNTRY_LIST}</arg>
<doc>Click the element identified by ``locator``.</doc>
<msg timestamp="20221102 22:17:41.095" level="INFO">Clicking element 'id=id_country'.</msg>
<status status="PASS" starttime="20221102 22:17:41.094" endtime="20221102 22:17:41.364"/>
</kw>
<kw name="Wait Until Element Is Visible" library="SeleniumLibrary">
<arg>${COUNTRY_OPTION}</arg>
<doc>Waits until the element ``locator`` is visible.</doc>
<status status="PASS" starttime="20221102 22:17:41.364" endtime="20221102 22:17:41.386"/>
</kw>
<kw name="Select From List By Value" library="SeleniumLibrary">
<arg>${COUNTRY_LIST}</arg>
<arg>${COUNTRY_VALUE}</arg>
<doc>Selects options from selection list ``locator`` by ``values``.</doc>
<msg timestamp="20221102 22:17:41.387" level="INFO">Selecting options from selection list 'id=id_country' by value 21.</msg>
<status status="PASS" starttime="20221102 22:17:41.386" endtime="20221102 22:17:41.414"/>
</kw>
<kw name="List Selection Should Be" library="SeleniumLibrary">
<arg>${COUNTRY_LIST}</arg>
<arg>${COUNTRY_VALUE}</arg>
<doc>Verifies selection list ``locator`` has ``expected`` options selected.</doc>
<msg timestamp="20221102 22:17:41.415" level="INFO">Verifying list 'id=id_country' has option [ 21 ] selected.</msg>
<msg timestamp="20221102 22:17:41.422" level="INFO">Current page contains list 'id=id_country'.</msg>
<status status="PASS" starttime="20221102 22:17:41.414" endtime="20221102 22:17:41.474"/>
</kw>
<kw name="Input Text" library="SeleniumLibrary">
<arg>${INPUT_OTHER}</arg>
<arg>${OTHER}</arg>
<doc>Types the given ``text`` into the text field identified by ``locator``.</doc>
<msg timestamp="20221102 22:17:41.475" level="INFO">Typing text 'Other info' into text field 'id=other'.</msg>
<status status="PASS" starttime="20221102 22:17:41.474" endtime="20221102 22:17:41.534"/>
</kw>
<kw name="Input Text" library="SeleniumLibrary">
<arg>${INPUT_PHONE}</arg>
<arg>${PHONE}</arg>
<doc>Types the given ``text`` into the text field identified by ``locator``.</doc>
<msg timestamp="20221102 22:17:41.537" level="INFO">Typing text '123456789' into text field 'id=phone'.</msg>
<status status="PASS" starttime="20221102 22:17:41.534" endtime="20221102 22:17:41.644"/>
</kw>
<kw name="Input Text" library="SeleniumLibrary">
<arg>${INPUT_PHONE_MOBILE}</arg>
<arg>${CELLPHONE}</arg>
<doc>Types the given ``text`` into the text field identified by ``locator``.</doc>
<msg timestamp="20221102 22:17:41.645" level="INFO">Typing text '987654321' into text field 'id=phone_mobile'.</msg>
<status status="PASS" starttime="20221102 22:17:41.644" endtime="20221102 22:17:41.690"/>
</kw>
<kw name="Input Text" library="SeleniumLibrary">
<arg>${INPUT_ALIAS}</arg>
<arg>${ALIAS}</arg>
<doc>Types the given ``text`` into the text field identified by ``locator``.</doc>
<msg timestamp="20221102 22:17:41.691" level="INFO">Typing text 'Home' into text field 'id=alias'.</msg>
<status status="PASS" starttime="20221102 22:17:41.690" endtime="20221102 22:17:41.731"/>
</kw>
<kw name="Click Button" library="SeleniumLibrary">
<arg>${SUBMIT_ACCOUNT}</arg>
<doc>Clicks the button identified by ``locator``.</doc>
<msg timestamp="20221102 22:17:41.733" level="INFO">Clicking button 'id=submitAccount'.</msg>
<status status="PASS" starttime="20221102 22:17:41.731" endtime="20221102 22:17:46.091"/>
</kw>
<kw name="Wait Until Element Is Visible" library="SeleniumLibrary">
<arg>${PROCESS_ADDRESS}</arg>
<arg>${TIMEOUT}</arg>
<doc>Waits until the element ``locator`` is visible.</doc>
<status status="PASS" starttime="20221102 22:17:46.091" endtime="20221102 22:17:46.129"/>
</kw>
<kw name="Click Button" library="SeleniumLibrary">
<arg>${PROCESS_ADDRESS}</arg>
<doc>Clicks the button identified by ``locator``.</doc>
<msg timestamp="20221102 22:17:46.131" level="INFO">Clicking button 'xpath=//button[@name='processAddress']'.</msg>
<status status="PASS" starttime="20221102 22:17:46.130" endtime="20221102 22:17:50.030"/>
</kw>
<kw name="Wait Until Page Contains Element" library="SeleniumLibrary">
<arg>${CHECKBOX_TERMS}</arg>
<arg>${TIMEOUT}</arg>
<doc>Waits until the element ``locator`` appears on the current page.</doc>
<status status="PASS" starttime="20221102 22:17:50.030" endtime="20221102 22:17:50.037"/>
</kw>
<kw name="Select Checkbox" library="SeleniumLibrary">
<arg>${CHECKBOX_TERMS}</arg>
<doc>Selects the checkbox identified by ``locator``.</doc>
<msg timestamp="20221102 22:17:50.040" level="INFO">Selecting checkbox 'id=cgv'.</msg>
<status status="PASS" starttime="20221102 22:17:50.038" endtime="20221102 22:17:50.341"/>
</kw>
<kw name="Wait Until Element Is Visible" library="SeleniumLibrary">
<arg>${PROCESS_CARRIER}</arg>
<arg>${TIMEOUT}</arg>
<doc>Waits until the element ``locator`` is visible.</doc>
<status status="PASS" starttime="20221102 22:17:50.341" endtime="20221102 22:17:50.379"/>
</kw>
<kw name="Click Button" library="SeleniumLibrary">
<arg>${PROCESS_CARRIER}</arg>
<doc>Clicks the button identified by ``locator``.</doc>
<msg timestamp="20221102 22:17:50.380" level="INFO">Clicking button 'xpath=//button[@name='processCarrier']'.</msg>
<status status="PASS" starttime="20221102 22:17:50.379" endtime="20221102 22:17:52.050"/>
</kw>
<status status="PASS" starttime="20221102 22:17:26.942" endtime="20221102 22:17:52.050"/>
</kw>
<kw name="When I'm prompted to the page where I choose the payment method and confirm the purchase" library="keywords">
<kw name="Wait Until Element Is Visible" library="SeleniumLibrary">
<arg>${BANKWIRE}</arg>
<arg>${TIMEOUT}</arg>
<doc>Waits until the element ``locator`` is visible.</doc>
<status status="PASS" starttime="20221102 22:17:52.051" endtime="20221102 22:17:52.092"/>
</kw>
<kw name="Click Element" library="SeleniumLibrary">
<arg>${BANKWIRE}</arg>
<doc>Click the element identified by ``locator``.</doc>
<msg timestamp="20221102 22:17:52.093" level="INFO">Clicking element 'xpath=//a[@class='bankwire'][contains(.,'Pay by bank wire (order processing will be longer)')]'.</msg>
<status status="PASS" starttime="20221102 22:17:52.092" endtime="20221102 22:17:53.132"/>
</kw>
<kw name="Click Button" library="SeleniumLibrary">
<arg>${SUBMIT_PAYMENT}</arg>
<doc>Clicks the button identified by ``locator``.</doc>
<msg timestamp="20221102 22:17:53.134" level="INFO">Clicking button 'xpath=//button[@type='submit']'.</msg>
<status status="PASS" starttime="20221102 22:17:53.133" endtime="20221102 22:17:55.663"/>
</kw>
<status status="PASS" starttime="20221102 22:17:52.050" endtime="20221102 22:17:55.663"/>
</kw>
<kw name="Then, if the purchase was completed succesfully, the next page should contain" library="keywords">
<kw name="Page Should Contain" library="SeleniumLibrary">
<arg>${EXPECTED_TEXT}</arg>
<doc>Verifies that current page contains ``text``.</doc>
<msg timestamp="20221102 22:17:55.711" level="INFO">Current page contains text 'Please enter a search keyword'.</msg>
<status status="PASS" starttime="20221102 22:17:55.664" endtime="20221102 22:17:55.711"/>
</kw>
<status status="PASS" starttime="20221102 22:17:55.663" endtime="20221102 22:17:55.711"/>
</kw>
<kw name="Close Browser" library="SeleniumLibrary" type="TEARDOWN">
<doc>Closes the current browser.</doc>
<status status="PASS" starttime="20221102 22:17:55.712" endtime="20221102 22:17:56.693"/>
</kw>
<tag>All</tag>
<tag>Payment</tag>
<status status="PASS" starttime="20221102 22:17:18.648" endtime="20221102 22:17:56.693"/>
</test>
<doc>Tags in Robot Framework</doc>
<status status="PASS" starttime="20221102 22:14:20.057" endtime="20221102 22:17:56.694"/>
</suite>
<status status="PASS" starttime="20221102 22:14:20.021" endtime="20221102 22:17:56.698"/>
</suite>
<statistics>
<total>
<stat pass="9" fail="0" skip="0">All Tests</stat>
</total>
<tag>
<stat pass="1" fail="0" skip="0">Account</stat>
<stat pass="1" fail="0" skip="0">Address</stat>
<stat pass="9" fail="0" skip="0">All</stat>
<stat pass="1" fail="0" skip="0">Cart</stat>
<stat pass="1" fail="0" skip="0">Checkout</stat>
<stat pass="1" fail="0" skip="0">Payment</stat>
<stat pass="1" fail="0" skip="0">Price</stat>
<stat pass="1" fail="0" skip="0">Search</stat>
<stat pass="1" fail="0" skip="0">Showcase</stat>
<stat pass="1" fail="0" skip="0">Terms</stat>
</tag>
<suite>
<stat pass="9" fail="0" skip="0" id="s1" name="Complete Purchase Test">Complete Purchase Test</stat>
<stat pass="9" fail="0" skip="0" id="s1-s1" name="Complete Purchase">Complete Purchase Test.Complete Purchase</stat>
</suite>
</statistics>
<errors>
</errors>
</robot>
