<?xml version="1.0" encoding="UTF-8"?>
<robot generator="Robot 6.0.1 (Python 3.10.8 on linux)" generated="20221106 23:29:11.091" rpa="false" schemaversion="3">
<suite id="s1" name="Four Operations Test" source="/home/vcedraz-/automation_tests_practice/calculator_test/four_operations_test">
<suite id="s1-s1" name="Four Operations" source="/home/vcedraz-/automation_tests_practice/calculator_test/four_operations_test/four_operations.robot">
<test id="s1-s1-t1" name="Test Case 5: All" line="44">
<kw name="Open Browser" library="SeleniumLibrary" type="SETUP">
<doc>Opens a new browser instance to the optional ``url``.</doc>
<msg timestamp="20221106 23:29:11.375" level="INFO">Opening browser 'firefox' to base url 'None'.</msg>
<msg timestamp="20221106 23:29:11.375" level="INFO">Firefox driver log is always forced to to: /home/vcedraz-/automation_tests_practice/calculator_test/reports/geckodriver-2.log</msg>
<status status="PASS" starttime="20221106 23:29:11.374" endtime="20221106 23:29:14.580"/>
</kw>
<kw name="Log To Console" library="BuiltIn">
<arg>Testing all four operations at once</arg>
<doc>Logs the given message to the console.</doc>
<status status="PASS" starttime="20221106 23:29:14.580" endtime="20221106 23:29:14.581"/>
</kw>
<kw name="Given I have opened the herokuapp" library="keywords">
<kw name="Go To" library="SeleniumLibrary">
<arg>${URL}</arg>
<doc>Navigates the current browser window to the provided ``url``.</doc>
<msg timestamp="20221106 23:29:14.582" level="INFO">Opening url 'http://testpages.herokuapp.com/styled/calculator'</msg>
<status status="PASS" starttime="20221106 23:29:14.582" endtime="20221106 23:29:16.153"/>
</kw>
<status status="PASS" starttime="20221106 23:29:14.581" endtime="20221106 23:29:16.153"/>
</kw>
<kw name="When I add 5 to 5" library="keywords">
<kw name="Input Text" library="SeleniumLibrary">
<arg>${BOX1}</arg>
<arg>5</arg>
<doc>Types the given ``text`` into the text field identified by ``locator``.</doc>
<msg timestamp="20221106 23:29:16.155" level="INFO">Typing text '5' into text field 'xpath=//*[@id="number1"]'.</msg>
<status status="PASS" starttime="20221106 23:29:16.154" endtime="20221106 23:29:16.241"/>
</kw>
<kw name="Input Text" library="SeleniumLibrary">
<arg>${BOX2}</arg>
<arg>5</arg>
<doc>Types the given ``text`` into the text field identified by ``locator``.</doc>
<msg timestamp="20221106 23:29:16.243" level="INFO">Typing text '5' into text field 'xpath=//*[@id="number2"]'.</msg>
<status status="PASS" starttime="20221106 23:29:16.241" endtime="20221106 23:29:16.268"/>
</kw>
<kw name="Click Element" library="SeleniumLibrary">
<arg>${OPERATION_LIST}</arg>
<doc>Click the element identified by ``locator``.</doc>
<msg timestamp="20221106 23:29:16.269" level="INFO">Clicking element 'xpath=//select[@id="function" and @name="function"]'.</msg>
<status status="PASS" starttime="20221106 23:29:16.268" endtime="20221106 23:29:16.537"/>
</kw>
<kw name="Select From List By Value" library="SeleniumLibrary">
<arg>${OPERATION_LIST}</arg>
<arg>plus</arg>
<doc>Selects options from selection list ``locator`` by ``values``.</doc>
<msg timestamp="20221106 23:29:16.538" level="INFO">Selecting options from selection list 'xpath=//select[@id="function" and @name="function"]' by value plus.</msg>
<status status="PASS" starttime="20221106 23:29:16.537" endtime="20221106 23:29:16.569"/>
</kw>
<kw name="List Selection Should Be" library="SeleniumLibrary">
<arg>${OPERATION_LIST}</arg>
<arg>plus</arg>
<doc>Verifies selection list ``locator`` has ``expected`` options selected.</doc>
<msg timestamp="20221106 23:29:16.571" level="INFO">Verifying list 'xpath=//select[@id="function" and @name="function"]' has option [ plus ] selected.</msg>
<msg timestamp="20221106 23:29:16.580" level="INFO">Current page contains list 'xpath=//select[@id="function" and @name="function"]'.</msg>
<status status="PASS" starttime="20221106 23:29:16.570" endtime="20221106 23:29:16.668"/>
</kw>
<kw name="Click Button" library="SeleniumLibrary">
<arg>${CALCULATE}</arg>
<doc>Clicks the button identified by ``locator``.</doc>
<msg timestamp="20221106 23:29:16.669" level="INFO">Clicking button 'xpath=//*[@id="calculate"]'.</msg>
<status status="PASS" starttime="20221106 23:29:16.668" endtime="20221106 23:29:17.769"/>
</kw>
<status status="PASS" starttime="20221106 23:29:16.153" endtime="20221106 23:29:17.770"/>
</kw>
<kw name="Then I should get 10 as the answer" library="keywords">
<kw name="Page Should Contain" library="SeleniumLibrary">
<arg>${PLUS_RESULT}</arg>
<doc>Verifies that current page contains ``text``.</doc>
<msg timestamp="20221106 23:29:17.785" level="INFO">Current page contains text 'Answer : 10'.</msg>
<status status="PASS" starttime="20221106 23:29:17.770" endtime="20221106 23:29:17.785"/>
</kw>
<status status="PASS" starttime="20221106 23:29:17.770" endtime="20221106 23:29:17.785"/>
</kw>
<kw name="When I subtract 5 from 5" library="keywords">
<kw name="Input Text" library="SeleniumLibrary">
<arg>${BOX1}</arg>
<arg>5</arg>
<doc>Types the given ``text`` into the text field identified by ``locator``.</doc>
<msg timestamp="20221106 23:29:17.787" level="INFO">Typing text '5' into text field 'xpath=//*[@id="number1"]'.</msg>
<status status="PASS" starttime="20221106 23:29:17.786" endtime="20221106 23:29:17.822"/>
</kw>
<kw name="Input Text" library="SeleniumLibrary">
<arg>${BOX2}</arg>
<arg>5</arg>
<doc>Types the given ``text`` into the text field identified by ``locator``.</doc>
<msg timestamp="20221106 23:29:17.825" level="INFO">Typing text '5' into text field 'xpath=//*[@id="number2"]'.</msg>
<status status="PASS" starttime="20221106 23:29:17.823" endtime="20221106 23:29:17.851"/>
</kw>
<kw name="Click Element" library="SeleniumLibrary">
<arg>${OPERATION_LIST}</arg>
<doc>Click the element identified by ``locator``.</doc>
<msg timestamp="20221106 23:29:17.852" level="INFO">Clicking element 'xpath=//select[@id="function" and @name="function"]'.</msg>
<status status="PASS" starttime="20221106 23:29:17.851" endtime="20221106 23:29:18.112"/>
</kw>
<kw name="Select From List By Value" library="SeleniumLibrary">
<arg>${OPERATION_LIST}</arg>
<arg>minus</arg>
<doc>Selects options from selection list ``locator`` by ``values``.</doc>
<msg timestamp="20221106 23:29:18.113" level="INFO">Selecting options from selection list 'xpath=//select[@id="function" and @name="function"]' by value minus.</msg>
<status status="PASS" starttime="20221106 23:29:18.112" endtime="20221106 23:29:18.373"/>
</kw>
<kw name="List Selection Should Be" library="SeleniumLibrary">
<arg>${OPERATION_LIST}</arg>
<arg>minus</arg>
<doc>Verifies selection list ``locator`` has ``expected`` options selected.</doc>
<msg timestamp="20221106 23:29:18.375" level="INFO">Verifying list 'xpath=//select[@id="function" and @name="function"]' has option [ minus ] selected.</msg>
<msg timestamp="20221106 23:29:18.385" level="INFO">Current page contains list 'xpath=//select[@id="function" and @name="function"]'.</msg>
<status status="PASS" starttime="20221106 23:29:18.373" endtime="20221106 23:29:18.454"/>
</kw>
<kw name="Click Button" library="SeleniumLibrary">
<arg>${CALCULATE}</arg>
<doc>Clicks the button identified by ``locator``.</doc>
<msg timestamp="20221106 23:29:18.455" level="INFO">Clicking button 'xpath=//*[@id="calculate"]'.</msg>
<status status="PASS" starttime="20221106 23:29:18.454" endtime="20221106 23:29:19.515"/>
</kw>
<status status="PASS" starttime="20221106 23:29:17.786" endtime="20221106 23:29:19.516"/>
</kw>
<kw name="Then I should get 0 as the answer" library="keywords">
<kw name="Page Should Contain" library="SeleniumLibrary">
<arg>${SUBTRACT_RESULT}</arg>
<doc>Verifies that current page contains ``text``.</doc>
<msg timestamp="20221106 23:29:19.531" level="INFO">Current page contains text 'Answer : 0'.</msg>
<status status="PASS" starttime="20221106 23:29:19.516" endtime="20221106 23:29:19.531"/>
</kw>
<status status="PASS" starttime="20221106 23:29:19.516" endtime="20221106 23:29:19.532"/>
</kw>
<kw name="When I multiply 5 by 5" library="keywords">
<kw name="Input Text" library="SeleniumLibrary">
<arg>${BOX1}</arg>
<arg>5</arg>
<doc>Types the given ``text`` into the text field identified by ``locator``.</doc>
<msg timestamp="20221106 23:29:19.533" level="INFO">Typing text '5' into text field 'xpath=//*[@id="number1"]'.</msg>
<status status="PASS" starttime="20221106 23:29:19.532" endtime="20221106 23:29:19.565"/>
</kw>
<kw name="Input Text" library="SeleniumLibrary">
<arg>${BOX2}</arg>
<arg>5</arg>
<doc>Types the given ``text`` into the text field identified by ``locator``.</doc>
<msg timestamp="20221106 23:29:19.566" level="INFO">Typing text '5' into text field 'xpath=//*[@id="number2"]'.</msg>
<status status="PASS" starttime="20221106 23:29:19.565" endtime="20221106 23:29:19.596"/>
</kw>
<kw name="Click Element" library="SeleniumLibrary">
<arg>${OPERATION_LIST}</arg>
<doc>Click the element identified by ``locator``.</doc>
<msg timestamp="20221106 23:29:19.597" level="INFO">Clicking element 'xpath=//select[@id="function" and @name="function"]'.</msg>
<status status="PASS" starttime="20221106 23:29:19.596" endtime="20221106 23:29:19.851"/>
</kw>
<kw name="Select From List By Value" library="SeleniumLibrary">
<arg>${OPERATION_LIST}</arg>
<arg>times</arg>
<doc>Selects options from selection list ``locator`` by ``values``.</doc>
<msg timestamp="20221106 23:29:19.852" level="INFO">Selecting options from selection list 'xpath=//select[@id="function" and @name="function"]' by value times.</msg>
<status status="PASS" starttime="20221106 23:29:19.851" endtime="20221106 23:29:20.111"/>
</kw>
<kw name="List Selection Should Be" library="SeleniumLibrary">
<arg>${OPERATION_LIST}</arg>
<arg>times</arg>
<doc>Verifies selection list ``locator`` has ``expected`` options selected.</doc>
<msg timestamp="20221106 23:29:20.113" level="INFO">Verifying list 'xpath=//select[@id="function" and @name="function"]' has option [ times ] selected.</msg>
<msg timestamp="20221106 23:29:20.129" level="INFO">Current page contains list 'xpath=//select[@id="function" and @name="function"]'.</msg>
<status status="PASS" starttime="20221106 23:29:20.112" endtime="20221106 23:29:20.203"/>
</kw>
<kw name="Click Button" library="SeleniumLibrary">
<arg>${CALCULATE}</arg>
<doc>Clicks the button identified by ``locator``.</doc>
<msg timestamp="20221106 23:29:20.204" level="INFO">Clicking button 'xpath=//*[@id="calculate"]'.</msg>
<status status="PASS" starttime="20221106 23:29:20.203" endtime="20221106 23:29:21.228"/>
</kw>
<status status="PASS" starttime="20221106 23:29:19.532" endtime="20221106 23:29:21.228"/>
</kw>
<kw name="Then I should get 25 as the answer" library="keywords">
<kw name="Page Should Contain" library="SeleniumLibrary">
<arg>${MULTIPLY_RESULT}</arg>
<doc>Verifies that current page contains ``text``.</doc>
<msg timestamp="20221106 23:29:21.247" level="INFO">Current page contains text 'Answer : 25'.</msg>
<status status="PASS" starttime="20221106 23:29:21.229" endtime="20221106 23:29:21.248"/>
</kw>
<status status="PASS" starttime="20221106 23:29:21.228" endtime="20221106 23:29:21.248"/>
</kw>
<kw name="When I divide 5 by 5" library="keywords">
<kw name="Input Text" library="SeleniumLibrary">
<arg>${BOX1}</arg>
<arg>5</arg>
<doc>Types the given ``text`` into the text field identified by ``locator``.</doc>
<msg timestamp="20221106 23:29:21.249" level="INFO">Typing text '5' into text field 'xpath=//*[@id="number1"]'.</msg>
<status status="PASS" starttime="20221106 23:29:21.249" endtime="20221106 23:29:21.290"/>
</kw>
<kw name="Input Text" library="SeleniumLibrary">
<arg>${BOX2}</arg>
<arg>5</arg>
<doc>Types the given ``text`` into the text field identified by ``locator``.</doc>
<msg timestamp="20221106 23:29:21.292" level="INFO">Typing text '5' into text field 'xpath=//*[@id="number2"]'.</msg>
<status status="PASS" starttime="20221106 23:29:21.290" endtime="20221106 23:29:21.316"/>
</kw>
<kw name="Click Element" library="SeleniumLibrary">
<arg>${OPERATION_LIST}</arg>
<doc>Click the element identified by ``locator``.</doc>
<msg timestamp="20221106 23:29:21.317" level="INFO">Clicking element 'xpath=//select[@id="function" and @name="function"]'.</msg>
<status status="PASS" starttime="20221106 23:29:21.316" endtime="20221106 23:29:21.577"/>
</kw>
<kw name="Wait Until Element Is Visible" library="SeleniumLibrary">
<arg>${PLUS}</arg>
<doc>Waits until the element ``locator`` is visible.</doc>
<status status="PASS" starttime="20221106 23:29:21.577" endtime="20221106 23:29:21.608"/>
</kw>
<kw name="Select From List By Value" library="SeleniumLibrary">
<arg>${OPERATION_LIST}</arg>
<arg>divide</arg>
<doc>Selects options from selection list ``locator`` by ``values``.</doc>
<msg timestamp="20221106 23:29:21.610" level="INFO">Selecting options from selection list 'xpath=//select[@id="function" and @name="function"]' by value divide.</msg>
<status status="PASS" starttime="20221106 23:29:21.608" endtime="20221106 23:29:21.865"/>
</kw>
<kw name="List Selection Should Be" library="SeleniumLibrary">
<arg>${OPERATION_LIST}</arg>
<arg>divide</arg>
<doc>Verifies selection list ``locator`` has ``expected`` options selected.</doc>
<msg timestamp="20221106 23:29:21.868" level="INFO">Verifying list 'xpath=//select[@id="function" and @name="function"]' has option [ divide ] selected.</msg>
<msg timestamp="20221106 23:29:21.882" level="INFO">Current page contains list 'xpath=//select[@id="function" and @name="function"]'.</msg>
<status status="PASS" starttime="20221106 23:29:21.866" endtime="20221106 23:29:21.947"/>
</kw>
<kw name="Click Button" library="SeleniumLibrary">
<arg>${CALCULATE}</arg>
<doc>Clicks the button identified by ``locator``.</doc>
<msg timestamp="20221106 23:29:21.948" level="INFO">Clicking button 'xpath=//*[@id="calculate"]'.</msg>
<status status="PASS" starttime="20221106 23:29:21.947" endtime="20221106 23:29:22.974"/>
</kw>
<status status="PASS" starttime="20221106 23:29:21.248" endtime="20221106 23:29:22.975"/>
</kw>
<kw name="Then I should get 1 as the answer" library="keywords">
<kw name="Page Should Contain" library="SeleniumLibrary">
<arg>${DIVIDE_RESULT}</arg>
<doc>Verifies that current page contains ``text``.</doc>
<msg timestamp="20221106 23:29:23.013" level="INFO">Current page contains text 'Answer : 1'.</msg>
<status status="PASS" starttime="20221106 23:29:22.975" endtime="20221106 23:29:23.013"/>
</kw>
<status status="PASS" starttime="20221106 23:29:22.975" endtime="20221106 23:29:23.013"/>
</kw>
<kw name="Log To Console" library="BuiltIn">
<arg>All four operations tested</arg>
<doc>Logs the given message to the console.</doc>
<status status="PASS" starttime="20221106 23:29:23.014" endtime="20221106 23:29:23.014"/>
</kw>
<kw name="Close Browser" library="SeleniumLibrary" type="TEARDOWN">
<doc>Closes the current browser.</doc>
<status status="PASS" starttime="20221106 23:29:23.015" endtime="20221106 23:29:23.873"/>
</kw>
<tag>All</tag>
<status status="PASS" starttime="20221106 23:29:11.373" endtime="20221106 23:29:23.873"/>
</test>
<status status="PASS" starttime="20221106 23:29:11.126" endtime="20221106 23:29:23.874"/>
</suite>
<status status="PASS" starttime="20221106 23:29:11.092" endtime="20221106 23:29:23.876"/>
</suite>
<statistics>
<total>
<stat pass="1" fail="0" skip="0">All Tests</stat>
</total>
<tag>
<stat pass="1" fail="0" skip="0">All</stat>
</tag>
<suite>
<stat pass="1" fail="0" skip="0" id="s1" name="Four Operations Test">Four Operations Test</stat>
<stat pass="1" fail="0" skip="0" id="s1-s1" name="Four Operations">Four Operations Test.Four Operations</stat>
</suite>
</statistics>
<errors>
</errors>
</robot>
